#
# There is insufficient memory for the Java Runtime Environment to continue.
# Native memory allocation (malloc) failed to allocate 1048576 bytes for AllocateHeap
# Possible reasons:
#   The system is out of physical RAM or swap space
#   In 32 bit mode, the process size limit was hit
# Possible solutions:
#   Reduce memory load on the system
#   Increase physical memory or swap space
#   Check if swap backing store is full
#   Use 64 bit Java on a 64 bit OS
#   Decrease Java heap size (-Xmx/-Xms)
#   Decrease number of Java threads
#   Decrease Java thread stack sizes (-Xss)
#   Set larger code cache with -XX:ReservedCodeCacheSize=
# This output file may be truncated or incomplete.
#
#  Out of Memory Error (memory/allocation.inline.hpp:61), pid=1704, tid=0x00000000000035e8
#
# JRE version:  (8.0) (build )
# Java VM: OpenJDK 64-Bit Server VM (25.71-b00 mixed mode windows-amd64 compressed oops)
# Failed to write core dump. Minidumps are not enabled by default on client versions of Windows
#

---------------  T H R E A D  ---------------

Current thread (0x0000000002a7e800):  JavaThread "Unknown thread" [_thread_in_vm, id=13800, stack(0x0000000002940000,0x0000000002a40000)]

Stack: [0x0000000002940000,0x0000000002a40000]
[error occurred during error reporting (printing stack bounds), id 0xc0000005]

Native frames: (J=compiled Java code, j=interpreted, Vv=VM code, C=native code)


---------------  P R O C E S S  ---------------

Java Threads: ( => current thread )

Other Threads:

=>0x0000000002a7e800 (exited) JavaThread "Unknown thread" [_thread_in_vm, id=13800, stack(0x0000000002940000,0x0000000002a40000)]

VM state:not at safepoint (normal execution)

VM Mutex/Monitor currently owned by a thread: None

Heap:
 PSYoungGen      total 38400K, used 665K [0x00000000d5d00000, 0x00000000d8780000, 0x0000000100000000)
  eden space 33280K, 2% used [0x00000000d5d00000,0x00000000d5da6670,0x00000000d7d80000)
  from space 5120K, 0% used [0x00000000d8280000,0x00000000d8280000,0x00000000d8780000)
  to   space 5120K, 0% used [0x00000000d7d80000,0x00000000d7d80000,0x00000000d8280000)
 ParOldGen       total 87552K, used 0K [0x0000000081600000, 0x0000000086b80000, 0x00000000d5d00000)
  object space 87552K, 0% used [0x0000000081600000,0x0000000081600000,0x0000000086b80000)
 Metaspace       used 777K, capacity 4480K, committed 4480K, reserved 1056768K
  class space    used 74K, capacity 384K, committed 384K, reserved 1048576K

Card table byte_map: [0x0000000011fd0000,0x00000000123d0000] byte_map_base: 0x0000000011bc5000

Marking Bits: (ParMarkBitMap*) 0x000000005f10be50
 Begin Bits: [0x0000000012a80000, 0x0000000014a28000)
 End Bits:   [0x0000000014a28000, 0x00000000169d0000)

Polling page: 0x0000000000d30000

CodeCache: size=245760Kb used=328Kb max_used=328Kb free=245431Kb
 bounds [0x0000000002c10000, 0x0000000002e80000, 0x0000000011c10000]
 total_blobs=57 nmethods=0 adapters=38
 compilation: enabled

Compilation events (0 events):
No events

GC Heap History (0 events):
No events

Deoptimization events (0 events):
No events

Classes redefined (0 events):
No events

Internal exceptions (0 events):
No events

Events (10 events):
Event: 0.034 loading class java/lang/Short
Event: 0.035 loading class java/lang/Short done
Event: 0.035 loading class java/lang/Integer
Event: 0.035 loading class java/lang/Integer done
Event: 0.035 loading class java/lang/Long
Event: 0.035 loading class java/lang/Long done
Event: 0.036 loading class java/lang/NullPointerException
Event: 0.036 loading class java/lang/NullPointerException done
Event: 0.036 loading class java/lang/ArithmeticException
Event: 0.036 loading class java/lang/ArithmeticException done


Dynamic libraries:
0x00007ff60fbd0000 - 0x00007ff60fc05000 	C:\Program Files\Unity\Hub\Editor\2018.4.4f1\Editor\Data\PlaybackEngines\AndroidPlayer\Tools\OpenJDK\Windows\bin\java.exe
0x00007ffbc8320000 - 0x00007ffbc8510000 	C:\WINDOWS\SYSTEM32\ntdll.dll
0x00007ffbc7be0000 - 0x00007ffbc7c92000 	C:\WINDOWS\System32\KERNEL32.DLL
0x00007ffbc52e0000 - 0x00007ffbc5583000 	C:\WINDOWS\System32\KERNELBASE.dll
0x00007ffbc7a30000 - 0x00007ffbc7ad3000 	C:\WINDOWS\System32\ADVAPI32.dll
0x00007ffbc7ae0000 - 0x00007ffbc7b7e000 	C:\WINDOWS\System32\msvcrt.dll
0x00007ffbc6f50000 - 0x00007ffbc6fe7000 	C:\WINDOWS\System32\sechost.dll
0x00007ffbc7880000 - 0x00007ffbc79a0000 	C:\WINDOWS\System32\RPCRT4.dll
0x00007ffbc66c0000 - 0x00007ffbc6854000 	C:\WINDOWS\System32\USER32.dll
0x00007ffbc52b0000 - 0x00007ffbc52d1000 	C:\WINDOWS\System32\win32u.dll
0x00007ffbc7a00000 - 0x00007ffbc7a26000 	C:\WINDOWS\System32\GDI32.dll
0x00007ffbc6230000 - 0x00007ffbc63c4000 	C:\WINDOWS\System32\gdi32full.dll
0x00007ffbc6190000 - 0x00007ffbc622e000 	C:\WINDOWS\System32\msvcp_win.dll
0x00007ffbc5760000 - 0x00007ffbc585a000 	C:\WINDOWS\System32\ucrtbase.dll
0x00007ffbb03f0000 - 0x00007ffbb0675000 	C:\WINDOWS\WinSxS\amd64_microsoft.windows.common-controls_6595b64144ccf1df_6.0.18362.657_none_e6c5b579130e3898\COMCTL32.dll
0x00007ffbc7fa0000 - 0x00007ffbc82d6000 	C:\WINDOWS\System32\combase.dll
0x00007ffbc56e0000 - 0x00007ffbc5760000 	C:\WINDOWS\System32\bcryptPrimitives.dll
0x00007ffbc77c0000 - 0x00007ffbc77ee000 	C:\WINDOWS\System32\IMM32.DLL
0x000000005f190000 - 0x000000005f262000 	C:\Program Files\Unity\Hub\Editor\2018.4.4f1\Editor\Data\PlaybackEngines\AndroidPlayer\Tools\OpenJDK\Windows\jre\bin\msvcr100.dll
0x000000005e940000 - 0x000000005f189000 	C:\Program Files\Unity\Hub\Editor\2018.4.4f1\Editor\Data\PlaybackEngines\AndroidPlayer\Tools\OpenJDK\Windows\jre\bin\server\jvm.dll
0x00007ffbc6480000 - 0x00007ffbc6488000 	C:\WINDOWS\System32\PSAPI.DLL
0x00007ffba7d40000 - 0x00007ffba7d49000 	C:\WINDOWS\SYSTEM32\WSOCK32.dll
0x00007ffbc2c90000 - 0x00007ffbc2cb4000 	C:\WINDOWS\SYSTEM32\WINMM.dll
0x00007ffbc7f30000 - 0x00007ffbc7f9f000 	C:\WINDOWS\System32\WS2_32.dll
0x00007ffbc43a0000 - 0x00007ffbc43aa000 	C:\WINDOWS\SYSTEM32\VERSION.dll
0x00007ffbc2b80000 - 0x00007ffbc2bad000 	C:\WINDOWS\SYSTEM32\winmmbase.dll
0x00007ffbc5860000 - 0x00007ffbc58aa000 	C:\WINDOWS\System32\cfgmgr32.dll
0x00007ffb84620000 - 0x00007ffb8462f000 	C:\Program Files\Unity\Hub\Editor\2018.4.4f1\Editor\Data\PlaybackEngines\AndroidPlayer\Tools\OpenJDK\Windows\jre\bin\verify.dll
0x00007ffb845f0000 - 0x00007ffb84619000 	C:\Program Files\Unity\Hub\Editor\2018.4.4f1\Editor\Data\PlaybackEngines\AndroidPlayer\Tools\OpenJDK\Windows\jre\bin\java.dll
0x00007ffb845d0000 - 0x00007ffb845e6000 	C:\Program Files\Unity\Hub\Editor\2018.4.4f1\Editor\Data\PlaybackEngines\AndroidPlayer\Tools\OpenJDK\Windows\jre\bin\zip.dll

VM Arguments:
java_command: <unknown>
java_class_path (initial): .
Launcher Type: SUN_STANDARD

Environment Variables:
JAVA_HOME=C:\Program Files\Unity\Hub\Editor\2018.4.4f1\Editor\Data\PlaybackEngines\AndroidPlayer/Tools\OpenJDK\Windows
PATH=C:\Program Files (x86)\Common Files\Oracle\Java\javapath;C:\Program Files (x86)\Intel\iCLS Client\;C:\Program Files\Intel\iCLS Client\;C:\WINDOWS\system32;C:\WINDOWS;C:\WINDOWS\System32\Wbem;C:\WINDOWS\System32\WindowsPowerShell\v1.0\;C:\Program Files (x86)\Windows Live\Shared;C:\Program Files (x86)\IVI Foundation\VISA\WinNT\Bin\;C:\Program Files\IVI Foundation\VISA\Win64\Bin\;C:\Program Files (x86)\IVI Foundation\VISA\WinNT\Bin;C:\Program Files (x86)\QuickTime\QTSystem\;C:\Program Files (x86)\Intel\Intel(R) Management Engine Components\DAL;C:\Program Files\Intel\Intel(R) Management Engine Components\DAL;C:\Program Files (x86)\Intel\Intel(R) Management Engine Components\IPT;C:\Program Files\Intel\Intel(R) Management Engine Components\IPT;C:\WINDOWS\System32\OpenSSH\;C:\Program Files\MATLAB\R2018b\bin;C:\Program Files\Intel\WiFi\bin\;C:\Program Files\Common Files\Intel\WirelessCommon\;C:\Users\AClea\AppData\Local\Programs\Python\Python38\Scripts\;C:\Users\AClea\AppData\Local\Programs\Python\Python38\;C:\Users\AClea\AppData\Local\Programs\Python\Launcher\;C:\Users\AClea\AppData\Local\Microsoft\WindowsApps;C:\Users\AClea\AppData\Local\Microsoft\WindowsApps;C:\Users\AClea\AppData\Local\GitHubDesktop\bin
USERNAME=AClea
OS=Windows_NT
PROCESSOR_IDENTIFIER=Intel64 Family 6 Model 78 Stepping 3, GenuineIntel



---------------  S Y S T E M  ---------------

OS: Windows 10.0 , 64 bit Build 18362 (10.0.18362.329)

CPU:total 4 (initial active 4) (2 cores per cpu, 2 threads per core) family 6 model 78 stepping 3, cmov, cx8, fxsr, mmx, sse, sse2, sse3, ssse3, sse4.1, sse4.2, popcnt, avx, avx2, aes, clmul, erms, 3dnowpref, lzcnt, ht, tsc, tscinvbit, bmi1, bmi2, adx

Memory: 4k page, physical 8297604k(1646988k free), swap 8297604k(6032k free)

vm_info: OpenJDK 64-Bit Server VM (25.71-b00) for windows-amd64 JRE (1.8.0-adoptopenjdk-_2018_05_19_00_59-b00), built on May 19 2018 01:02:12 by "jenkins" with MS VC++ 10.0 (VS2010)

time: Tue Mar 03 19:46:57 2020
elapsed time: 0 seconds (0d 0h 0m 0s)

