#
# There is insufficient memory for the Java Runtime Environment to continue.
# Native memory allocation (malloc) failed to allocate 88816 bytes for Chunk::new
# Possible reasons:
#   The system is out of physical RAM or swap space
#   In 32 bit mode, the process size limit was hit
# Possible solutions:
#   Reduce memory load on the system
#   Increase physical memory or swap space
#   Check if swap backing store is full
#   Use 64 bit Java on a 64 bit OS
#   Decrease Java heap size (-Xmx/-Xms)
#   Decrease number of Java threads
#   Decrease Java thread stack sizes (-Xss)
#   Set larger code cache with -XX:ReservedCodeCacheSize=
# This output file may be truncated or incomplete.
#
#  Out of Memory Error (allocation.cpp:390), pid=10112, tid=0x0000000000002d74
#
# JRE version: OpenJDK Runtime Environment (8.0) (build 1.8.0-adoptopenjdk-_2018_05_19_00_59-b00)
# Java VM: OpenJDK 64-Bit Server VM (25.71-b00 mixed mode windows-amd64 compressed oops)
# Failed to write core dump. Minidumps are not enabled by default on client versions of Windows
#

---------------  T H R E A D  ---------------

Current thread (0x0000000017543800):  JavaThread "C2 CompilerThread1" daemon [_thread_in_native, id=11636, stack(0x0000000018cd0000,0x0000000018dd0000)]

Stack: [0x0000000018cd0000,0x0000000018dd0000]
[error occurred during error reporting (printing stack bounds), id 0xc0000005]

Native frames: (J=compiled Java code, j=interpreted, Vv=VM code, C=native code)


Current CompileTask:
C2:   1056 1197       4       java.io.WinNTFileSystem::normalize (231 bytes)


---------------  P R O C E S S  ---------------

Java Threads: ( => current thread )
  0x0000000018efb000 JavaThread "Service Thread" daemon [_thread_blocked, id=10748, stack(0x00000000192d0000,0x00000000193d0000)]
  0x000000001754f800 JavaThread "C1 CompilerThread2" daemon [_thread_blocked, id=10088, stack(0x0000000018dd0000,0x0000000018ed0000)]
=>0x0000000017543800 JavaThread "C2 CompilerThread1" daemon [_thread_in_native, id=11636, stack(0x0000000018cd0000,0x0000000018dd0000)]
  0x000000001753f800 JavaThread "C2 CompilerThread0" daemon [_thread_in_native, id=11860, stack(0x0000000018bd0000,0x0000000018cd0000)]
  0x000000001753e800 JavaThread "Attach Listener" daemon [_thread_blocked, id=4016, stack(0x0000000018ad0000,0x0000000018bd0000)]
  0x000000001753d800 JavaThread "Signal Dispatcher" daemon [_thread_blocked, id=10708, stack(0x00000000189d0000,0x0000000018ad0000)]
  0x0000000017528000 JavaThread "Finalizer" daemon [_thread_blocked, id=11248, stack(0x00000000187d0000,0x00000000188d0000)]
  0x00000000029d5800 JavaThread "Reference Handler" daemon [_thread_blocked, id=10588, stack(0x00000000186d0000,0x00000000187d0000)]
  0x00000000028e3800 JavaThread "main" [_thread_in_Java, id=13392, stack(0x00000000027e0000,0x00000000028e0000)]

Other Threads:
  0x0000000017506800 VMThread [stack: 0x00000000185d0000,0x00000000186d0000] [id=9336]
  0x0000000018f0b800 WatcherThread [stack: 0x00000000193d0000,0x00000000194d0000] [id=10740]

VM state:not at safepoint (normal execution)

VM Mutex/Monitor currently owned by a thread: None

Heap:
 PSYoungGen      total 38400K, used 30062K [0x00000000d5d00000, 0x00000000d8780000, 0x0000000100000000)
  eden space 33280K, 90% used [0x00000000d5d00000,0x00000000d7a5b978,0x00000000d7d80000)
  from space 5120K, 0% used [0x00000000d8280000,0x00000000d8280000,0x00000000d8780000)
  to   space 5120K, 0% used [0x00000000d7d80000,0x00000000d7d80000,0x00000000d8280000)
 ParOldGen       total 87552K, used 0K [0x0000000081600000, 0x0000000086b80000, 0x00000000d5d00000)
  object space 87552K, 0% used [0x0000000081600000,0x0000000081600000,0x0000000086b80000)
 Metaspace       used 12243K, capacity 12470K, committed 12928K, reserved 1060864K
  class space    used 1467K, capacity 1561K, committed 1664K, reserved 1048576K

Card table byte_map: [0x0000000011da0000,0x00000000121a0000] byte_map_base: 0x0000000011995000

Marking Bits: (ParMarkBitMap*) 0x00000000676dbe50
 Begin Bits: [0x0000000012850000, 0x00000000147f8000)
 End Bits:   [0x00000000147f8000, 0x00000000167a0000)

Polling page: 0x00000000010d0000

CodeCache: size=245760Kb used=4160Kb max_used=4166Kb free=241599Kb
 bounds [0x00000000029e0000, 0x0000000002e00000, 0x00000000119e0000]
 total_blobs=1609 nmethods=1251 adapters=271
 compilation: enabled

Compilation events (10 events):
Event: 1.051 Thread 0x000000001754f800 1249       3       com.sun.org.apache.xerces.internal.util.AugmentationsImpl$SmallContainer::putItem (92 bytes)
Event: 1.052 Thread 0x000000001754f800 nmethod 1249 0x0000000002dee510 code [0x0000000002dee6c0, 0x0000000002deee28]
Event: 1.052 Thread 0x000000001754f800 1250       3       com.sun.org.apache.xerces.internal.util.AugmentationsImpl$SmallContainer::isFull (15 bytes)
Event: 1.052 Thread 0x000000001754f800 nmethod 1250 0x0000000002dee190 code [0x0000000002dee2e0, 0x0000000002dee490]
Event: 1.052 Thread 0x000000001753f800 nmethod 1244 0x0000000002dedd90 code [0x0000000002dedec0, 0x0000000002dee038]
Event: 1.052 Thread 0x000000001753f800 1245       4       com.sun.org.apache.xerces.internal.xni.QName::setValues (22 bytes)
Event: 1.052 Thread 0x000000001754f800 1251       3       java.util.WeakHashMap::get (77 bytes)
Event: 1.052 Thread 0x000000001753f800 nmethod 1245 0x0000000002dbd710 code [0x0000000002dbd840, 0x0000000002dbd8d8]
Event: 1.053 Thread 0x000000001754f800 nmethod 1251 0x0000000002df36d0 code [0x0000000002df38a0, 0x0000000002df4128]
Event: 1.053 Thread 0x000000001753f800 1252       4       java.lang.String::substring (79 bytes)

GC Heap History (0 events):
No events

Deoptimization events (10 events):
Event: 0.770 Thread 0x00000000028e3800 Uncommon trap: reason=class_check action=maybe_recompile pc=0x0000000002cb37b8 method=java.io.FilterInputStream.read()I @ 4
Event: 0.770 Thread 0x00000000028e3800 Uncommon trap: reason=class_check action=maybe_recompile pc=0x0000000002cb37b8 method=java.io.FilterInputStream.read()I @ 4
Event: 0.770 Thread 0x00000000028e3800 Uncommon trap: reason=class_check action=maybe_recompile pc=0x0000000002cb37b8 method=java.io.FilterInputStream.read()I @ 4
Event: 0.804 Thread 0x00000000028e3800 Uncommon trap: reason=unstable_if action=reinterpret pc=0x0000000002bf8b44 method=java.lang.AbstractStringBuilder.append(Ljava/lang/String;)Ljava/lang/AbstractStringBuilder; @ 1
Event: 0.880 Thread 0x00000000028e3800 Uncommon trap: reason=unstable_if action=reinterpret pc=0x0000000002d30d9c method=java.util.regex.Matcher.search(I)Z @ 30
Event: 0.886 Thread 0x00000000028e3800 Uncommon trap: reason=unstable_if action=reinterpret pc=0x0000000002d276a4 method=java.util.regex.Pattern$Start.match(Ljava/util/regex/Matcher;ILjava/lang/CharSequence;)Z @ 10
Event: 0.921 Thread 0x00000000028e3800 Uncommon trap: reason=bimorphic action=maybe_recompile pc=0x0000000002d4032c method=java.util.regex.Pattern$Curly.match0(Ljava/util/regex/Matcher;IILjava/lang/CharSequence;)Z @ 31
Event: 0.921 Thread 0x00000000028e3800 Uncommon trap: reason=bimorphic action=maybe_recompile pc=0x0000000002d4032c method=java.util.regex.Pattern$Curly.match0(Ljava/util/regex/Matcher;IILjava/lang/CharSequence;)Z @ 31
Event: 0.921 Thread 0x00000000028e3800 Uncommon trap: reason=bimorphic action=maybe_recompile pc=0x0000000002d4032c method=java.util.regex.Pattern$Curly.match0(Ljava/util/regex/Matcher;IILjava/lang/CharSequence;)Z @ 31
Event: 0.921 Thread 0x00000000028e3800 Uncommon trap: reason=bimorphic action=maybe_recompile pc=0x0000000002d4032c method=java.util.regex.Pattern$Curly.match0(Ljava/util/regex/Matcher;IILjava/lang/CharSequence;)Z @ 31

Classes redefined (0 events):
No events

Internal exceptions (10 events):
Event: 0.433 Thread 0x00000000028e3800 Exception <a 'java/security/PrivilegedActionException'> (0x00000000d6665fe0) thrown at [C:\Users\jenkins\workspace\openjdk8_build_x86-64_windows\openjdk\hotspot\src\share\vm\prims\jvm.cpp, line 1435]
Event: 0.433 Thread 0x00000000028e3800 Exception <a 'java/security/PrivilegedActionException'> (0x00000000d66663d8) thrown at [C:\Users\jenkins\workspace\openjdk8_build_x86-64_windows\openjdk\hotspot\src\share\vm\prims\jvm.cpp, line 1435]
Event: 0.443 Thread 0x00000000028e3800 Exception <a 'java/lang/ClassNotFoundException': com/sun/org/glassfish/hk2/osgiresourcelocator/ServiceLoader> (0x00000000d66915a8) thrown at [C:\Users\jenkins\workspace\openjdk8_build_x86-64_windows\openjdk\hotspot\src\share\vm\classfile\systemDictionary.
Event: 0.448 Thread 0x00000000028e3800 Exception <a 'java/lang/NullPointerException'> (0x00000000d66a83e8) thrown at [C:\Users\jenkins\workspace\openjdk8_build_x86-64_windows\openjdk\hotspot\src\share\vm\interpreter\linkResolver.cpp, line 1287]
Event: 0.502 Thread 0x00000000028e3800 Exception <a 'java/lang/ArrayIndexOutOfBoundsException'> (0x00000000d6751510) thrown at [C:\Users\jenkins\workspace\openjdk8_build_x86-64_windows\openjdk\hotspot\src\share\vm\runtime\sharedRuntime.cpp, line 605]
Event: 0.503 Thread 0x00000000028e3800 Exception <a 'java/lang/ArrayIndexOutOfBoundsException'> (0x00000000d6752ac8) thrown at [C:\Users\jenkins\workspace\openjdk8_build_x86-64_windows\openjdk\hotspot\src\share\vm\runtime\sharedRuntime.cpp, line 605]
Event: 0.503 Thread 0x00000000028e3800 Exception <a 'java/lang/ArrayIndexOutOfBoundsException'> (0x00000000d6754108) thrown at [C:\Users\jenkins\workspace\openjdk8_build_x86-64_windows\openjdk\hotspot\src\share\vm\runtime\sharedRuntime.cpp, line 605]
Event: 0.509 Thread 0x00000000028e3800 Exception <a 'java/lang/ArrayIndexOutOfBoundsException': 85> (0x00000000d676d5c8) thrown at [C:\Users\jenkins\workspace\openjdk8_build_x86-64_windows\openjdk\hotspot\src\share\vm\interpreter\interpreterRuntime.cpp, line 366]
Event: 0.729 Thread 0x00000000028e3800 Implicit null exception at 0x0000000002c08c16 to 0x0000000002c08fb1
Event: 0.804 Thread 0x00000000028e3800 Implicit null exception at 0x0000000002bf8796 to 0x0000000002bf8b2d

Events (10 events):
Event: 0.940 Thread 0x00000000028e3800 DEOPT PACKING pc=0x0000000002cd7ca8 sp=0x00000000028de6f0
Event: 0.940 Thread 0x00000000028e3800 DEOPT UNPACKING pc=0x0000000002a275d0 sp=0x00000000028de440 mode 0
Event: 0.975 Thread 0x00000000028e3800 DEOPT PACKING pc=0x0000000002d3aebd sp=0x00000000028de650
Event: 0.975 Thread 0x00000000028e3800 DEOPT UNPACKING pc=0x0000000002a275d0 sp=0x00000000028de418 mode 0
Event: 0.977 Thread 0x00000000028e3800 DEOPT PACKING pc=0x0000000002d3aebd sp=0x00000000028de5a0
Event: 0.977 Thread 0x00000000028e3800 DEOPT UNPACKING pc=0x0000000002a275d0 sp=0x00000000028de368 mode 0
Event: 1.002 Thread 0x00000000028e3800 DEOPT PACKING pc=0x0000000002d86758 sp=0x00000000028de500
Event: 1.002 Thread 0x00000000028e3800 DEOPT UNPACKING pc=0x0000000002a275d0 sp=0x00000000028de240 mode 0
Event: 1.025 Thread 0x00000000028e3800 DEOPT PACKING pc=0x0000000002be104c sp=0x00000000028de620
Event: 1.025 Thread 0x00000000028e3800 DEOPT UNPACKING pc=0x0000000002a275d0 sp=0x00000000028de498 mode 0


Dynamic libraries:
0x00007ff69da80000 - 0x00007ff69dab5000 	C:\Program Files\Unity\Hub\Editor\2018.4.4f1\Editor\Data\PlaybackEngines\AndroidPlayer\Tools\OpenJDK\Windows\bin\java.exe
0x00007ffcc6ec0000 - 0x00007ffcc70b0000 	C:\WINDOWS\SYSTEM32\ntdll.dll
0x00007ffcc65f0000 - 0x00007ffcc66a2000 	C:\WINDOWS\System32\KERNEL32.DLL
0x00007ffcc42d0000 - 0x00007ffcc4573000 	C:\WINDOWS\System32\KERNELBASE.dll
0x00007ffcc6d90000 - 0x00007ffcc6e33000 	C:\WINDOWS\System32\ADVAPI32.dll
0x00007ffcc6790000 - 0x00007ffcc682e000 	C:\WINDOWS\System32\msvcrt.dll
0x00007ffcc59c0000 - 0x00007ffcc5a57000 	C:\WINDOWS\System32\sechost.dll
0x00007ffcc6a40000 - 0x00007ffcc6b60000 	C:\WINDOWS\System32\RPCRT4.dll
0x00007ffcc5ad0000 - 0x00007ffcc5c64000 	C:\WINDOWS\System32\USER32.dll
0x00007ffcc3f70000 - 0x00007ffcc3f91000 	C:\WINDOWS\System32\win32u.dll
0x00007ffcc6e40000 - 0x00007ffcc6e66000 	C:\WINDOWS\System32\GDI32.dll
0x00007ffcc4100000 - 0x00007ffcc4294000 	C:\WINDOWS\System32\gdi32full.dll
0x00007ffcc3e50000 - 0x00007ffcc3eee000 	C:\WINDOWS\System32\msvcp_win.dll
0x00007ffcc46f0000 - 0x00007ffcc47ea000 	C:\WINDOWS\System32\ucrtbase.dll
0x00007ffcabbe0000 - 0x00007ffcabe65000 	C:\WINDOWS\WinSxS\amd64_microsoft.windows.common-controls_6595b64144ccf1df_6.0.18362.720_none_e6beb5c51314836b\COMCTL32.dll
0x00007ffcc5650000 - 0x00007ffcc5986000 	C:\WINDOWS\System32\combase.dll
0x00007ffcc3ef0000 - 0x00007ffcc3f70000 	C:\WINDOWS\System32\bcryptPrimitives.dll
0x00007ffcc5990000 - 0x00007ffcc59be000 	C:\WINDOWS\System32\IMM32.DLL
0x0000000067760000 - 0x0000000067832000 	C:\Program Files\Unity\Hub\Editor\2018.4.4f1\Editor\Data\PlaybackEngines\AndroidPlayer\Tools\OpenJDK\Windows\jre\bin\msvcr100.dll
0x0000000066f10000 - 0x0000000067759000 	C:\Program Files\Unity\Hub\Editor\2018.4.4f1\Editor\Data\PlaybackEngines\AndroidPlayer\Tools\OpenJDK\Windows\jre\bin\server\jvm.dll
0x00007ffcc6960000 - 0x00007ffcc6968000 	C:\WINDOWS\System32\PSAPI.DLL
0x00007ffcc2f20000 - 0x00007ffcc2f2a000 	C:\WINDOWS\SYSTEM32\VERSION.dll
0x00007ffcabf40000 - 0x00007ffcabf49000 	C:\WINDOWS\SYSTEM32\WSOCK32.dll
0x00007ffcc1840000 - 0x00007ffcc1864000 	C:\WINDOWS\SYSTEM32\WINMM.dll
0x00007ffcc5a60000 - 0x00007ffcc5acf000 	C:\WINDOWS\System32\WS2_32.dll
0x00007ffcc13c0000 - 0x00007ffcc13ed000 	C:\WINDOWS\SYSTEM32\WINMMBASE.dll
0x00007ffcc40b0000 - 0x00007ffcc40fa000 	C:\WINDOWS\System32\cfgmgr32.dll
0x00007ffca0570000 - 0x00007ffca057f000 	C:\Program Files\Unity\Hub\Editor\2018.4.4f1\Editor\Data\PlaybackEngines\AndroidPlayer\Tools\OpenJDK\Windows\jre\bin\verify.dll
0x00007ffc9fa90000 - 0x00007ffc9fab9000 	C:\Program Files\Unity\Hub\Editor\2018.4.4f1\Editor\Data\PlaybackEngines\AndroidPlayer\Tools\OpenJDK\Windows\jre\bin\java.dll
0x00007ffc9fc50000 - 0x00007ffc9fc66000 	C:\Program Files\Unity\Hub\Editor\2018.4.4f1\Editor\Data\PlaybackEngines\AndroidPlayer\Tools\OpenJDK\Windows\jre\bin\zip.dll
0x00007ffcc5f00000 - 0x00007ffcc65e5000 	C:\WINDOWS\System32\SHELL32.dll
0x00007ffcc6830000 - 0x00007ffcc68d9000 	C:\WINDOWS\System32\shcore.dll
0x00007ffcc47f0000 - 0x00007ffcc4f70000 	C:\WINDOWS\System32\windows.storage.dll
0x00007ffcc3dd0000 - 0x00007ffcc3df3000 	C:\WINDOWS\System32\profapi.dll
0x00007ffcc3e00000 - 0x00007ffcc3e4a000 	C:\WINDOWS\System32\powrprof.dll
0x00007ffcc3d80000 - 0x00007ffcc3d90000 	C:\WINDOWS\System32\UMPDC.dll
0x00007ffcc50b0000 - 0x00007ffcc5102000 	C:\WINDOWS\System32\shlwapi.dll
0x00007ffcc3d90000 - 0x00007ffcc3da1000 	C:\WINDOWS\System32\kernel.appcore.dll
0x00007ffcc4580000 - 0x00007ffcc4597000 	C:\WINDOWS\System32\cryptsp.dll
0x00007ffc9fa70000 - 0x00007ffc9fa8a000 	C:\Program Files\Unity\Hub\Editor\2018.4.4f1\Editor\Data\PlaybackEngines\AndroidPlayer\Tools\OpenJDK\Windows\jre\bin\net.dll
0x00007ffcc35f0000 - 0x00007ffcc3657000 	C:\WINDOWS\system32\mswsock.dll
0x00007ffc9f900000 - 0x00007ffc9f911000 	C:\Program Files\Unity\Hub\Editor\2018.4.4f1\Editor\Data\PlaybackEngines\AndroidPlayer\Tools\OpenJDK\Windows\jre\bin\nio.dll

VM Arguments:
jvm_args: -Dcom.android.sdkmanager.toolsdir=C:\Users\AClea\AppData\Local\Android\Sdk\tools\bin\\.. 
java_command: com.android.sdklib.tool.AvdManagerCli list target -c
java_class_path (initial): C:\Users\AClea\AppData\Local\Android\Sdk\tools\bin\..\lib\dvlib-26.0.0-dev.jar;C:\Users\AClea\AppData\Local\Android\Sdk\tools\bin\..\lib\jimfs-1.1.jar;C:\Users\AClea\AppData\Local\Android\Sdk\tools\bin\..\lib\jsr305-1.3.9.jar;C:\Users\AClea\AppData\Local\Android\Sdk\tools\bin\..\lib\repository-26.0.0-dev.jar;C:\Users\AClea\AppData\Local\Android\Sdk\tools\bin\..\lib\j2objc-annotations-1.1.jar;C:\Users\AClea\AppData\Local\Android\Sdk\tools\bin\..\lib\layoutlib-api-26.0.0-dev.jar;C:\Users\AClea\AppData\Local\Android\Sdk\tools\bin\..\lib\gson-2.3.jar;C:\Users\AClea\AppData\Local\Android\Sdk\tools\bin\..\lib\httpcore-4.2.5.jar;C:\Users\AClea\AppData\Local\Android\Sdk\tools\bin\..\lib\commons-logging-1.1.1.jar;C:\Users\AClea\AppData\Local\Android\Sdk\tools\bin\..\lib\commons-compress-1.12.jar;C:\Users\AClea\AppData\Local\Android\Sdk\tools\bin\..\lib\annotations-26.0.0-dev.jar;C:\Users\AClea\AppData\Local\Android\Sdk\tools\bin\..\lib\error_prone_annotations-2.0.18.jar;C:\Users\AClea\AppData\Local\Android\Sdk\tools\bin\..\lib\animal-sniffer-annotations-1.14.jar;C:\Users\AClea\AppData\Local\Android\Sdk\tools\bin\..\lib\httpclient-4.2.6.jar;C:\Users\AClea\AppData\Local\Android\Sdk\tools\bin\..\lib\commons-codec-1.6.jar;C:\Users\AClea\AppData\Local\Android\Sdk\tools\bin\..\lib\common-26.0.0-dev.jar;C:\Users\AClea\AppData\Local\Android\Sdk\tools\bin\..\lib\kxml2-2.3.0.jar;C:\Users\AClea\AppData\Local\Android\Sdk\tools\bin\..\lib\httpmime-4.1.jar;C:\Users\AClea\AppData\Local\Android\Sdk\tools\bin\..\lib\annotations-12.0.jar;C:\Users\AClea\AppData\Local\Android\Sdk\tools\bin\..\lib\sdklib-26.0.0-dev.jar;C:\Users\AClea\AppData\Local\Android\Sdk\tools\bin\..\lib\guava-22.0.jar
Launcher Type: SUN_STANDARD

Environment Variables:
JAVA_HOME=C:\Program Files\Unity\Hub\Editor\2018.4.4f1\Editor\Data\PlaybackEngines\AndroidPlayer/Tools\OpenJDK\Windows
CLASSPATH=C:\Users\AClea\AppData\Local\Android\Sdk\tools\bin\..\lib\dvlib-26.0.0-dev.jar;C:\Users\AClea\AppData\Local\Android\Sdk\tools\bin\..\lib\jimfs-1.1.jar;C:\Users\AClea\AppData\Local\Android\Sdk\tools\bin\..\lib\jsr305-1.3.9.jar;C:\Users\AClea\AppData\Local\Android\Sdk\tools\bin\..\lib\repository-26.0.0-dev.jar;C:\Users\AClea\AppData\Local\Android\Sdk\tools\bin\..\lib\j2objc-annotations-1.1.jar;C:\Users\AClea\AppData\Local\Android\Sdk\tools\bin\..\lib\layoutlib-api-26.0.0-dev.jar;C:\Users\AClea\AppData\Local\Android\Sdk\tools\bin\..\lib\gson-2.3.jar;C:\Users\AClea\AppData\Local\Android\Sdk\tools\bin\..\lib\httpcore-4.2.5.jar;C:\Users\AClea\AppData\Local\Android\Sdk\tools\bin\..\lib\commons-logging-1.1.1.jar;C:\Users\AClea\AppData\Local\Android\Sdk\tools\bin\..\lib\commons-compress-1.12.jar;C:\Users\AClea\AppData\Local\Android\Sdk\tools\bin\..\lib\annotations-26.0.0-dev.jar;C:\Users\AClea\AppData\Local\Android\Sdk\tools\bin\..\lib\error_prone_annotations-2.0.18.jar;C:\Users\AClea\AppData\Local\Android\Sdk\tools\bin\..\lib\animal-sniffer-annotations-1.14.jar;C:\Users\AClea\AppData\Local\Android\Sdk\tools\bin\..\lib\httpclient-4.2.6.jar;C:\Users\AClea\AppData\Local\Android\Sdk\tools\bin\..\lib\commons-codec-1.6.jar;C:\Users\AClea\AppData\Local\Android\Sdk\tools\bin\..\lib\common-26.0.0-dev.jar;C:\Users\AClea\AppData\Local\Android\Sdk\tools\bin\..\lib\kxml2-2.3.0.jar;C:\Users\AClea\AppData\Local\Android\Sdk\tools\bin\..\lib\httpmime-4.1.jar;C:\Users\AClea\AppData\Local\Android\Sdk\tools\bin\..\lib\annotations-12.0.jar;C:\Users\AClea\AppData\Local\Android\Sdk\tools\bin\..\lib\sdklib-26.0.0-dev.jar;C:\Users\AClea\AppData\Local\Android\Sdk\tools\bin\..\lib\guava-22.0.jar
PATH=C:\Program Files (x86)\Common Files\Oracle\Java\javapath;C:\Program Files (x86)\Intel\iCLS Client\;C:\Program Files\Intel\iCLS Client\;C:\WINDOWS\system32;C:\WINDOWS;C:\WINDOWS\System32\Wbem;C:\WINDOWS\System32\WindowsPowerShell\v1.0\;C:\Program Files (x86)\Windows Live\Shared;C:\Program Files (x86)\IVI Foundation\VISA\WinNT\Bin\;C:\Program Files\IVI Foundation\VISA\Win64\Bin\;C:\Program Files (x86)\IVI Foundation\VISA\WinNT\Bin;C:\Program Files (x86)\QuickTime\QTSystem\;C:\Program Files (x86)\Intel\Intel(R) Management Engine Components\DAL;C:\Program Files\Intel\Intel(R) Management Engine Components\DAL;C:\Program Files (x86)\Intel\Intel(R) Management Engine Components\IPT;C:\Program Files\Intel\Intel(R) Management Engine Components\IPT;C:\WINDOWS\System32\OpenSSH\;C:\Program Files\MATLAB\R2018b\bin;C:\Program Files\Intel\WiFi\bin\;C:\Program Files\Common Files\Intel\WirelessCommon\;C:\Users\AClea\AppData\Local\Programs\Python\Python38\Scripts\;C:\Users\AClea\AppData\Local\Programs\Python\Python38\;C:\Users\AClea\AppData\Local\Programs\Python\Launcher\;C:\Users\AClea\AppData\Local\Microsoft\WindowsApps;C:\Users\AClea\AppData\Local\Microsoft\WindowsApps;C:\Users\AClea\AppData\Local\GitHubDesktop\bin
USERNAME=AClea
OS=Windows_NT
PROCESSOR_IDENTIFIER=Intel64 Family 6 Model 78 Stepping 3, GenuineIntel



---------------  S Y S T E M  ---------------

OS: Windows 10.0 , 64 bit Build 18362 (10.0.18362.329)

CPU:total 4 (initial active 4) (2 cores per cpu, 2 threads per core) family 6 model 78 stepping 3, cmov, cx8, fxsr, mmx, sse, sse2, sse3, ssse3, sse4.1, sse4.2, popcnt, avx, avx2, aes, clmul, erms, 3dnowpref, lzcnt, ht, tsc, tscinvbit, bmi1, bmi2, adx

Memory: 4k page, physical 8297604k(1044220k free), swap 8297604k(5168k free)

vm_info: OpenJDK 64-Bit Server VM (25.71-b00) for windows-amd64 JRE (1.8.0-adoptopenjdk-_2018_05_19_00_59-b00), built on May 19 2018 01:02:12 by "jenkins" with MS VC++ 10.0 (VS2010)

time: Mon Mar 23 00:11:26 2020
elapsed time: 1 seconds (0d 0h 0m 1s)

