#
# There is insufficient memory for the Java Runtime Environment to continue.
# Native memory allocation (malloc) failed to allocate 178656 bytes for Chunk::new
# Possible reasons:
#   The system is out of physical RAM or swap space
#   In 32 bit mode, the process size limit was hit
# Possible solutions:
#   Reduce memory load on the system
#   Increase physical memory or swap space
#   Check if swap backing store is full
#   Use 64 bit Java on a 64 bit OS
#   Decrease Java heap size (-Xmx/-Xms)
#   Decrease number of Java threads
#   Decrease Java thread stack sizes (-Xss)
#   Set larger code cache with -XX:ReservedCodeCacheSize=
# This output file may be truncated or incomplete.
#
#  Out of Memory Error (allocation.cpp:390), pid=10852, tid=0x0000000000000734
#
# JRE version: OpenJDK Runtime Environment (8.0) (build 1.8.0-adoptopenjdk-_2018_05_19_00_59-b00)
# Java VM: OpenJDK 64-Bit Server VM (25.71-b00 mixed mode windows-amd64 compressed oops)
# Failed to write core dump. Minidumps are not enabled by default on client versions of Windows
#

---------------  T H R E A D  ---------------

Current thread (0x000000001709e800):  JavaThread "C2 CompilerThread0" daemon [_thread_in_native, id=1844, stack(0x0000000018720000,0x0000000018820000)]

Stack: [0x0000000018720000,0x0000000018820000]
[error occurred during error reporting (printing stack bounds), id 0xc0000005]

Native frames: (J=compiled Java code, j=interpreted, Vv=VM code, C=native code)


Current CompileTask:
C2:   2026 1040       4       java.util.regex.Matcher::appendReplacement (571 bytes)


---------------  P R O C E S S  ---------------

Java Threads: ( => current thread )
  0x000000001882a000 JavaThread "Service Thread" daemon [_thread_blocked, id=9992, stack(0x0000000018e20000,0x0000000018f20000)]
  0x0000000018825800 JavaThread "C1 CompilerThread2" daemon [_thread_blocked, id=11196, stack(0x0000000018d20000,0x0000000018e20000)]
  0x0000000018823000 JavaThread "C2 CompilerThread1" daemon [_thread_in_native, id=9684, stack(0x0000000018c20000,0x0000000018d20000)]
=>0x000000001709e800 JavaThread "C2 CompilerThread0" daemon [_thread_in_native, id=1844, stack(0x0000000018720000,0x0000000018820000)]
  0x000000001709d000 JavaThread "Attach Listener" daemon [_thread_blocked, id=14616, stack(0x0000000018620000,0x0000000018720000)]
  0x000000001709c800 JavaThread "Signal Dispatcher" daemon [_thread_blocked, id=10228, stack(0x0000000018520000,0x0000000018620000)]
  0x0000000017088000 JavaThread "Finalizer" daemon [_thread_blocked, id=6988, stack(0x0000000018320000,0x0000000018420000)]
  0x0000000017067000 JavaThread "Reference Handler" daemon [_thread_blocked, id=9584, stack(0x0000000018220000,0x0000000018320000)]
  0x0000000002443800 JavaThread "main" [_thread_in_Java, id=10624, stack(0x00000000022b0000,0x00000000023b0000)]

Other Threads:
  0x0000000017065000 VMThread [stack: 0x0000000018120000,0x0000000018220000] [id=9248]
  0x000000001882a800 WatcherThread [stack: 0x0000000018f20000,0x0000000019020000] [id=6600]

VM state:not at safepoint (normal execution)

VM Mutex/Monitor currently owned by a thread: None

Heap:
 PSYoungGen      total 38400K, used 22698K [0x00000000d5d00000, 0x00000000d8780000, 0x0000000100000000)
  eden space 33280K, 68% used [0x00000000d5d00000,0x00000000d732ab58,0x00000000d7d80000)
  from space 5120K, 0% used [0x00000000d8280000,0x00000000d8280000,0x00000000d8780000)
  to   space 5120K, 0% used [0x00000000d7d80000,0x00000000d7d80000,0x00000000d8280000)
 ParOldGen       total 87552K, used 0K [0x0000000081600000, 0x0000000086b80000, 0x00000000d5d00000)
  object space 87552K, 0% used [0x0000000081600000,0x0000000081600000,0x0000000086b80000)
 Metaspace       used 12178K, capacity 12394K, committed 12672K, reserved 1060864K
  class space    used 1466K, capacity 1559K, committed 1664K, reserved 1048576K

Card table byte_map: [0x0000000011900000,0x0000000011d00000] byte_map_base: 0x00000000114f5000

Marking Bits: (ParMarkBitMap*) 0x00000000620ebe50
 Begin Bits: [0x00000000123b0000, 0x0000000014358000)
 End Bits:   [0x0000000014358000, 0x0000000016300000)

Polling page: 0x0000000000a70000

CodeCache: size=245760Kb used=3751Kb max_used=3751Kb free=242008Kb
 bounds [0x0000000002540000, 0x00000000028f0000, 0x0000000011540000]
 total_blobs=1453 nmethods=1095 adapters=271
 compilation: enabled

Compilation events (10 events):
Event: 2.011 Thread 0x0000000018825800 1100       1       java.nio.DirectByteBuffer::isDirect (2 bytes)
Event: 2.011 Thread 0x0000000018825800 nmethod 1100 0x00000000028e9310 code [0x00000000028e9460, 0x00000000028e9570]
Event: 2.011 Thread 0x0000000018825800 1102       3       java.util.HashMap::clear (50 bytes)
Event: 2.012 Thread 0x0000000018825800 nmethod 1102 0x00000000028e95d0 code [0x00000000028e9740, 0x00000000028e9b10]
Event: 2.012 Thread 0x0000000018825800 1103       3       com.sun.org.apache.xerces.internal.util.XMLStringBuffer::append (17 bytes)
Event: 2.012 Thread 0x0000000018825800 nmethod 1103 0x00000000028e9c50 code [0x00000000028e9dc0, 0x00000000028e9f68]
Event: 2.012 Thread 0x0000000018825800 1104 %     3       com.sun.xml.internal.bind.v2.runtime.unmarshaller.ValidatingUnmarshaller::text @ 25 (85 bytes)
Event: 2.013 Thread 0x0000000018825800 nmethod 1104% 0x00000000028ea050 code [0x00000000028ea220, 0x00000000028eaa28]
Event: 2.013 Thread 0x0000000018825800 1105       3       com.sun.xml.internal.bind.v2.runtime.unmarshaller.ValidatingUnmarshaller::text (85 bytes)
Event: 2.013 Thread 0x0000000018825800 nmethod 1105 0x00000000028ead90 code [0x00000000028eaf60, 0x00000000028eb6e8]

GC Heap History (0 events):
No events

Deoptimization events (10 events):
Event: 1.806 Thread 0x0000000002443800 Uncommon trap: reason=class_check action=maybe_recompile pc=0x0000000002822ab8 method=java.io.FilterInputStream.read()I @ 4
Event: 1.807 Thread 0x0000000002443800 Uncommon trap: reason=class_check action=maybe_recompile pc=0x0000000002822ab8 method=java.io.FilterInputStream.read()I @ 4
Event: 1.807 Thread 0x0000000002443800 Uncommon trap: reason=class_check action=maybe_recompile pc=0x0000000002822ab8 method=java.io.FilterInputStream.read()I @ 4
Event: 1.807 Thread 0x0000000002443800 Uncommon trap: reason=class_check action=maybe_recompile pc=0x0000000002822ab8 method=java.io.FilterInputStream.read()I @ 4
Event: 1.852 Thread 0x0000000002443800 Uncommon trap: reason=unstable_if action=reinterpret pc=0x000000000275d684 method=java.lang.AbstractStringBuilder.append(Ljava/lang/String;)Ljava/lang/AbstractStringBuilder; @ 1
Event: 1.931 Thread 0x0000000002443800 Uncommon trap: reason=class_check action=maybe_recompile pc=0x000000000288c2e8 method=java.util.regex.Pattern$GroupHead.match(Ljava/util/regex/Matcher;ILjava/lang/CharSequence;)Z @ 28
Event: 1.931 Thread 0x0000000002443800 Uncommon trap: reason=class_check action=maybe_recompile pc=0x000000000288c2e8 method=java.util.regex.Pattern$GroupHead.match(Ljava/util/regex/Matcher;ILjava/lang/CharSequence;)Z @ 28
Event: 1.931 Thread 0x0000000002443800 Uncommon trap: reason=class_check action=maybe_recompile pc=0x000000000288c2e8 method=java.util.regex.Pattern$GroupHead.match(Ljava/util/regex/Matcher;ILjava/lang/CharSequence;)Z @ 28
Event: 1.931 Thread 0x0000000002443800 Uncommon trap: reason=class_check action=maybe_recompile pc=0x000000000288c2e8 method=java.util.regex.Pattern$GroupHead.match(Ljava/util/regex/Matcher;ILjava/lang/CharSequence;)Z @ 28
Event: 1.947 Thread 0x0000000002443800 Uncommon trap: reason=unstable_if action=reinterpret pc=0x000000000289f25c method=java.util.regex.Matcher.search(I)Z @ 30

Classes redefined (0 events):
No events

Internal exceptions (10 events):
Event: 1.311 Thread 0x0000000002443800 Exception <a 'java/security/PrivilegedActionException'> (0x00000000d66645c0) thrown at [C:\Users\jenkins\workspace\openjdk8_build_x86-64_windows\openjdk\hotspot\src\share\vm\prims\jvm.cpp, line 1435]
Event: 1.311 Thread 0x0000000002443800 Exception <a 'java/security/PrivilegedActionException'> (0x00000000d6666910) thrown at [C:\Users\jenkins\workspace\openjdk8_build_x86-64_windows\openjdk\hotspot\src\share\vm\prims\jvm.cpp, line 1435]
Event: 1.311 Thread 0x0000000002443800 Exception <a 'java/security/PrivilegedActionException'> (0x00000000d6666d08) thrown at [C:\Users\jenkins\workspace\openjdk8_build_x86-64_windows\openjdk\hotspot\src\share\vm\prims\jvm.cpp, line 1435]
Event: 1.327 Thread 0x0000000002443800 Exception <a 'java/lang/ClassNotFoundException': com/sun/org/glassfish/hk2/osgiresourcelocator/ServiceLoader> (0x00000000d6691ed8) thrown at [C:\Users\jenkins\workspace\openjdk8_build_x86-64_windows\openjdk\hotspot\src\share\vm\classfile\systemDictionary.
Event: 1.334 Thread 0x0000000002443800 Exception <a 'java/lang/NullPointerException'> (0x00000000d66a8d18) thrown at [C:\Users\jenkins\workspace\openjdk8_build_x86-64_windows\openjdk\hotspot\src\share\vm\interpreter\linkResolver.cpp, line 1287]
Event: 1.423 Thread 0x0000000002443800 Exception <a 'java/lang/ArrayIndexOutOfBoundsException'> (0x00000000d6770480) thrown at [C:\Users\jenkins\workspace\openjdk8_build_x86-64_windows\openjdk\hotspot\src\share\vm\runtime\sharedRuntime.cpp, line 605]
Event: 1.423 Thread 0x0000000002443800 Exception <a 'java/lang/ArrayIndexOutOfBoundsException'> (0x00000000d6771a38) thrown at [C:\Users\jenkins\workspace\openjdk8_build_x86-64_windows\openjdk\hotspot\src\share\vm\runtime\sharedRuntime.cpp, line 605]
Event: 1.425 Thread 0x0000000002443800 Exception <a 'java/lang/ArrayIndexOutOfBoundsException': 76> (0x00000000d6773798) thrown at [C:\Users\jenkins\workspace\openjdk8_build_x86-64_windows\openjdk\hotspot\src\share\vm\interpreter\interpreterRuntime.cpp, line 366]
Event: 1.727 Thread 0x0000000002443800 Implicit null exception at 0x000000000278e0d6 to 0x000000000278e471
Event: 1.852 Thread 0x0000000002443800 Implicit null exception at 0x000000000275d2d6 to 0x000000000275d66d

Events (10 events):
Event: 1.947 Thread 0x0000000002443800 DEOPT PACKING pc=0x000000000289f25c sp=0x00000000023ae1a0
Event: 1.947 Thread 0x0000000002443800 DEOPT UNPACKING pc=0x000000000258557b sp=0x00000000023ae1d8 mode 2
Event: 1.947 loading class com/sun/xml/internal/bind/v2/runtime/unmarshaller/DefaultIDResolver$1
Event: 1.948 loading class java/util/concurrent/Callable
Event: 1.948 loading class java/util/concurrent/Callable done
Event: 1.948 loading class com/sun/xml/internal/bind/v2/runtime/unmarshaller/DefaultIDResolver$1 done
Event: 1.950 loading class java/util/ArrayList$ListItr
Event: 1.951 loading class java/util/ArrayList$ListItr done
Event: 1.951 Executing VM operation: Deoptimize
Event: 1.951 Executing VM operation: Deoptimize done


Dynamic libraries:
0x00007ff732f80000 - 0x00007ff732fb5000 	C:\Program Files\Unity\Hub\Editor\2018.4.4f1\Editor\Data\PlaybackEngines\AndroidPlayer\Tools\OpenJDK\Windows\bin\java.exe
0x00007fff83d60000 - 0x00007fff83f50000 	C:\WINDOWS\SYSTEM32\ntdll.dll
0x00007fff82390000 - 0x00007fff82442000 	C:\WINDOWS\System32\KERNEL32.DLL
0x00007fff81960000 - 0x00007fff81c03000 	C:\WINDOWS\System32\KERNELBASE.dll
0x00007fff81e10000 - 0x00007fff81eb3000 	C:\WINDOWS\System32\ADVAPI32.dll
0x00007fff81f30000 - 0x00007fff81fce000 	C:\WINDOWS\System32\msvcrt.dll
0x00007fff83c80000 - 0x00007fff83d17000 	C:\WINDOWS\System32\sechost.dll
0x00007fff825b0000 - 0x00007fff826d0000 	C:\WINDOWS\System32\RPCRT4.dll
0x00007fff82be0000 - 0x00007fff82d74000 	C:\WINDOWS\System32\USER32.dll
0x00007fff81060000 - 0x00007fff81081000 	C:\WINDOWS\System32\win32u.dll
0x00007fff82ba0000 - 0x00007fff82bc6000 	C:\WINDOWS\System32\GDI32.dll
0x00007fff80da0000 - 0x00007fff80f34000 	C:\WINDOWS\System32\gdi32full.dll
0x00007fff81d40000 - 0x00007fff81dde000 	C:\WINDOWS\System32\msvcp_win.dll
0x00007fff80f60000 - 0x00007fff8105a000 	C:\WINDOWS\System32\ucrtbase.dll
0x00007fff69530000 - 0x00007fff697b5000 	C:\WINDOWS\WinSxS\amd64_microsoft.windows.common-controls_6595b64144ccf1df_6.0.18362.592_none_e6c0b1911312be02\COMCTL32.dll
0x00007fff81fd0000 - 0x00007fff82306000 	C:\WINDOWS\System32\combase.dll
0x00007fff81c10000 - 0x00007fff81c90000 	C:\WINDOWS\System32\bcryptPrimitives.dll
0x00007fff83ad0000 - 0x00007fff83afe000 	C:\WINDOWS\System32\IMM32.DLL
0x0000000062170000 - 0x0000000062242000 	C:\Program Files\Unity\Hub\Editor\2018.4.4f1\Editor\Data\PlaybackEngines\AndroidPlayer\Tools\OpenJDK\Windows\jre\bin\msvcr100.dll
0x0000000061920000 - 0x0000000062169000 	C:\Program Files\Unity\Hub\Editor\2018.4.4f1\Editor\Data\PlaybackEngines\AndroidPlayer\Tools\OpenJDK\Windows\jre\bin\server\jvm.dll
0x00007fff82bd0000 - 0x00007fff82bd8000 	C:\WINDOWS\System32\PSAPI.DLL
0x00007fff7e650000 - 0x00007fff7e674000 	C:\WINDOWS\SYSTEM32\WINMM.dll
0x00007fff7e620000 - 0x00007fff7e64d000 	C:\WINDOWS\SYSTEM32\WINMMBASE.dll
0x00007fff81c90000 - 0x00007fff81cda000 	C:\WINDOWS\System32\cfgmgr32.dll
0x00007fff7fde0000 - 0x00007fff7fdea000 	C:\WINDOWS\SYSTEM32\VERSION.dll
0x00007fff63fb0000 - 0x00007fff63fb9000 	C:\WINDOWS\SYSTEM32\WSOCK32.dll
0x00007fff82d80000 - 0x00007fff82def000 	C:\WINDOWS\System32\WS2_32.dll
0x00007fff638f0000 - 0x00007fff638ff000 	C:\Program Files\Unity\Hub\Editor\2018.4.4f1\Editor\Data\PlaybackEngines\AndroidPlayer\Tools\OpenJDK\Windows\jre\bin\verify.dll
0x00007fff529a0000 - 0x00007fff529c9000 	C:\Program Files\Unity\Hub\Editor\2018.4.4f1\Editor\Data\PlaybackEngines\AndroidPlayer\Tools\OpenJDK\Windows\jre\bin\java.dll
0x00007fff5ff00000 - 0x00007fff5ff16000 	C:\Program Files\Unity\Hub\Editor\2018.4.4f1\Editor\Data\PlaybackEngines\AndroidPlayer\Tools\OpenJDK\Windows\jre\bin\zip.dll
0x00007fff82df0000 - 0x00007fff834d5000 	C:\WINDOWS\System32\SHELL32.dll
0x00007fff83bd0000 - 0x00007fff83c79000 	C:\WINDOWS\System32\shcore.dll
0x00007fff81090000 - 0x00007fff8180f000 	C:\WINDOWS\System32\windows.storage.dll
0x00007fff80c60000 - 0x00007fff80c7f000 	C:\WINDOWS\System32\profapi.dll
0x00007fff80c80000 - 0x00007fff80cca000 	C:\WINDOWS\System32\powrprof.dll
0x00007fff80c30000 - 0x00007fff80c40000 	C:\WINDOWS\System32\UMPDC.dll
0x00007fff83550000 - 0x00007fff835a2000 	C:\WINDOWS\System32\shlwapi.dll
0x00007fff80c40000 - 0x00007fff80c51000 	C:\WINDOWS\System32\kernel.appcore.dll
0x00007fff80f40000 - 0x00007fff80f57000 	C:\WINDOWS\System32\cryptsp.dll
0x00007fff52980000 - 0x00007fff5299a000 	C:\Program Files\Unity\Hub\Editor\2018.4.4f1\Editor\Data\PlaybackEngines\AndroidPlayer\Tools\OpenJDK\Windows\jre\bin\net.dll
0x00007fff80440000 - 0x00007fff804a7000 	C:\WINDOWS\system32\mswsock.dll
0x00007fff52960000 - 0x00007fff52971000 	C:\Program Files\Unity\Hub\Editor\2018.4.4f1\Editor\Data\PlaybackEngines\AndroidPlayer\Tools\OpenJDK\Windows\jre\bin\nio.dll

VM Arguments:
jvm_args: -Dcom.android.sdkmanager.toolsdir=C:\Users\AClea\AppData\Local\Android\Sdk\tools\bin\\.. 
java_command: com.android.sdklib.tool.AvdManagerCli list target -c
java_class_path (initial): C:\Users\AClea\AppData\Local\Android\Sdk\tools\bin\..\lib\dvlib-26.0.0-dev.jar;C:\Users\AClea\AppData\Local\Android\Sdk\tools\bin\..\lib\jimfs-1.1.jar;C:\Users\AClea\AppData\Local\Android\Sdk\tools\bin\..\lib\jsr305-1.3.9.jar;C:\Users\AClea\AppData\Local\Android\Sdk\tools\bin\..\lib\repository-26.0.0-dev.jar;C:\Users\AClea\AppData\Local\Android\Sdk\tools\bin\..\lib\j2objc-annotations-1.1.jar;C:\Users\AClea\AppData\Local\Android\Sdk\tools\bin\..\lib\layoutlib-api-26.0.0-dev.jar;C:\Users\AClea\AppData\Local\Android\Sdk\tools\bin\..\lib\gson-2.3.jar;C:\Users\AClea\AppData\Local\Android\Sdk\tools\bin\..\lib\httpcore-4.2.5.jar;C:\Users\AClea\AppData\Local\Android\Sdk\tools\bin\..\lib\commons-logging-1.1.1.jar;C:\Users\AClea\AppData\Local\Android\Sdk\tools\bin\..\lib\commons-compress-1.12.jar;C:\Users\AClea\AppData\Local\Android\Sdk\tools\bin\..\lib\annotations-26.0.0-dev.jar;C:\Users\AClea\AppData\Local\Android\Sdk\tools\bin\..\lib\error_prone_annotations-2.0.18.jar;C:\Users\AClea\AppData\Local\Android\Sdk\tools\bin\..\lib\animal-sniffer-annotations-1.14.jar;C:\Users\AClea\AppData\Local\Android\Sdk\tools\bin\..\lib\httpclient-4.2.6.jar;C:\Users\AClea\AppData\Local\Android\Sdk\tools\bin\..\lib\commons-codec-1.6.jar;C:\Users\AClea\AppData\Local\Android\Sdk\tools\bin\..\lib\common-26.0.0-dev.jar;C:\Users\AClea\AppData\Local\Android\Sdk\tools\bin\..\lib\kxml2-2.3.0.jar;C:\Users\AClea\AppData\Local\Android\Sdk\tools\bin\..\lib\httpmime-4.1.jar;C:\Users\AClea\AppData\Local\Android\Sdk\tools\bin\..\lib\annotations-12.0.jar;C:\Users\AClea\AppData\Local\Android\Sdk\tools\bin\..\lib\sdklib-26.0.0-dev.jar;C:\Users\AClea\AppData\Local\Android\Sdk\tools\bin\..\lib\guava-22.0.jar
Launcher Type: SUN_STANDARD

Environment Variables:
JAVA_HOME=C:\Program Files\Unity\Hub\Editor\2018.4.4f1\Editor\Data\PlaybackEngines\AndroidPlayer/Tools\OpenJDK\Windows
CLASSPATH=C:\Users\AClea\AppData\Local\Android\Sdk\tools\bin\..\lib\dvlib-26.0.0-dev.jar;C:\Users\AClea\AppData\Local\Android\Sdk\tools\bin\..\lib\jimfs-1.1.jar;C:\Users\AClea\AppData\Local\Android\Sdk\tools\bin\..\lib\jsr305-1.3.9.jar;C:\Users\AClea\AppData\Local\Android\Sdk\tools\bin\..\lib\repository-26.0.0-dev.jar;C:\Users\AClea\AppData\Local\Android\Sdk\tools\bin\..\lib\j2objc-annotations-1.1.jar;C:\Users\AClea\AppData\Local\Android\Sdk\tools\bin\..\lib\layoutlib-api-26.0.0-dev.jar;C:\Users\AClea\AppData\Local\Android\Sdk\tools\bin\..\lib\gson-2.3.jar;C:\Users\AClea\AppData\Local\Android\Sdk\tools\bin\..\lib\httpcore-4.2.5.jar;C:\Users\AClea\AppData\Local\Android\Sdk\tools\bin\..\lib\commons-logging-1.1.1.jar;C:\Users\AClea\AppData\Local\Android\Sdk\tools\bin\..\lib\commons-compress-1.12.jar;C:\Users\AClea\AppData\Local\Android\Sdk\tools\bin\..\lib\annotations-26.0.0-dev.jar;C:\Users\AClea\AppData\Local\Android\Sdk\tools\bin\..\lib\error_prone_annotations-2.0.18.jar;C:\Users\AClea\AppData\Local\Android\Sdk\tools\bin\..\lib\animal-sniffer-annotations-1.14.jar;C:\Users\AClea\AppData\Local\Android\Sdk\tools\bin\..\lib\httpclient-4.2.6.jar;C:\Users\AClea\AppData\Local\Android\Sdk\tools\bin\..\lib\commons-codec-1.6.jar;C:\Users\AClea\AppData\Local\Android\Sdk\tools\bin\..\lib\common-26.0.0-dev.jar;C:\Users\AClea\AppData\Local\Android\Sdk\tools\bin\..\lib\kxml2-2.3.0.jar;C:\Users\AClea\AppData\Local\Android\Sdk\tools\bin\..\lib\httpmime-4.1.jar;C:\Users\AClea\AppData\Local\Android\Sdk\tools\bin\..\lib\annotations-12.0.jar;C:\Users\AClea\AppData\Local\Android\Sdk\tools\bin\..\lib\sdklib-26.0.0-dev.jar;C:\Users\AClea\AppData\Local\Android\Sdk\tools\bin\..\lib\guava-22.0.jar
PATH=C:\Program Files (x86)\Common Files\Oracle\Java\javapath;C:\Program Files (x86)\Intel\iCLS Client\;C:\Program Files\Intel\iCLS Client\;C:\WINDOWS\system32;C:\WINDOWS;C:\WINDOWS\System32\Wbem;C:\WINDOWS\System32\WindowsPowerShell\v1.0\;C:\Program Files (x86)\Windows Live\Shared;C:\Program Files (x86)\IVI Foundation\VISA\WinNT\Bin\;C:\Program Files\IVI Foundation\VISA\Win64\Bin\;C:\Program Files (x86)\IVI Foundation\VISA\WinNT\Bin;C:\Program Files (x86)\QuickTime\QTSystem\;C:\Program Files (x86)\Intel\Intel(R) Management Engine Components\DAL;C:\Program Files\Intel\Intel(R) Management Engine Components\DAL;C:\Program Files (x86)\Intel\Intel(R) Management Engine Components\IPT;C:\Program Files\Intel\Intel(R) Management Engine Components\IPT;C:\WINDOWS\System32\OpenSSH\;C:\Program Files\MATLAB\R2018b\bin;C:\Program Files\Intel\WiFi\bin\;C:\Program Files\Common Files\Intel\WirelessCommon\;C:\Users\AClea\AppData\Local\Programs\Python\Python38\Scripts\;C:\Users\AClea\AppData\Local\Programs\Python\Python38\;C:\Users\AClea\AppData\Local\Programs\Python\Launcher\;C:\Users\AClea\AppData\Local\Microsoft\WindowsApps;C:\Users\AClea\AppData\Local\Microsoft\WindowsApps;C:\Users\AClea\AppData\Local\GitHubDesktop\bin
USERNAME=AClea
OS=Windows_NT
PROCESSOR_IDENTIFIER=Intel64 Family 6 Model 78 Stepping 3, GenuineIntel



---------------  S Y S T E M  ---------------

OS: Windows 10.0 , 64 bit Build 18362 (10.0.18362.329)

CPU:total 4 (initial active 4) (2 cores per cpu, 2 threads per core) family 6 model 78 stepping 3, cmov, cx8, fxsr, mmx, sse, sse2, sse3, ssse3, sse4.1, sse4.2, popcnt, avx, avx2, aes, clmul, erms, 3dnowpref, lzcnt, ht, tsc, tscinvbit, bmi1, bmi2, adx

Memory: 4k page, physical 8297604k(962692k free), swap 8297604k(4072k free)

vm_info: OpenJDK 64-Bit Server VM (25.71-b00) for windows-amd64 JRE (1.8.0-adoptopenjdk-_2018_05_19_00_59-b00), built on May 19 2018 01:02:12 by "jenkins" with MS VC++ 10.0 (VS2010)

time: Fri Feb 07 15:42:07 2020
elapsed time: 2 seconds (0d 0h 0m 2s)

