#
# There is insufficient memory for the Java Runtime Environment to continue.
# Native memory allocation (malloc) failed to allocate 177616 bytes for Chunk::new
# Possible reasons:
#   The system is out of physical RAM or swap space
#   In 32 bit mode, the process size limit was hit
# Possible solutions:
#   Reduce memory load on the system
#   Increase physical memory or swap space
#   Check if swap backing store is full
#   Use 64 bit Java on a 64 bit OS
#   Decrease Java heap size (-Xmx/-Xms)
#   Decrease number of Java threads
#   Decrease Java thread stack sizes (-Xss)
#   Set larger code cache with -XX:ReservedCodeCacheSize=
# This output file may be truncated or incomplete.
#
#  Out of Memory Error (allocation.cpp:390), pid=15348, tid=0x0000000000002424
#
# JRE version: OpenJDK Runtime Environment (8.0) (build 1.8.0-adoptopenjdk-_2018_05_19_00_59-b00)
# Java VM: OpenJDK 64-Bit Server VM (25.71-b00 mixed mode windows-amd64 compressed oops)
# Failed to write core dump. Minidumps are not enabled by default on client versions of Windows
#

---------------  T H R E A D  ---------------

Current thread (0x0000000017662000):  JavaThread "C2 CompilerThread1" daemon [_thread_in_native, id=9252, stack(0x0000000018db0000,0x0000000018eb0000)]

Stack: [0x0000000018db0000,0x0000000018eb0000]
[error occurred during error reporting (printing stack bounds), id 0xc0000005]

Native frames: (J=compiled Java code, j=interpreted, Vv=VM code, C=native code)


Current CompileTask:
C2:    736  574       4       java.io.DataOutputStream::writeUTF (435 bytes)


---------------  P R O C E S S  ---------------

Java Threads: ( => current thread )
  0x00000000176be800 JavaThread "Service Thread" daemon [_thread_blocked, id=10092, stack(0x00000000193b0000,0x00000000194b0000)]
  0x0000000017665000 JavaThread "C1 CompilerThread2" daemon [_thread_blocked, id=8612, stack(0x0000000018eb0000,0x0000000018fb0000)]
=>0x0000000017662000 JavaThread "C2 CompilerThread1" daemon [_thread_in_native, id=9252, stack(0x0000000018db0000,0x0000000018eb0000)]
  0x0000000017660000 JavaThread "C2 CompilerThread0" daemon [_thread_in_native, id=9636, stack(0x0000000018cb0000,0x0000000018db0000)]
  0x000000001766e000 JavaThread "Attach Listener" daemon [_thread_blocked, id=1940, stack(0x0000000018bb0000,0x0000000018cb0000)]
  0x000000001766d000 JavaThread "Signal Dispatcher" daemon [_thread_blocked, id=8904, stack(0x0000000018ab0000,0x0000000018bb0000)]
  0x0000000017649800 JavaThread "Finalizer" daemon [_thread_blocked, id=6740, stack(0x00000000188b0000,0x00000000189b0000)]
  0x0000000017627800 JavaThread "Reference Handler" daemon [_thread_blocked, id=8868, stack(0x00000000187b0000,0x00000000188b0000)]
  0x0000000002a03800 JavaThread "main" [_thread_in_Java, id=9152, stack(0x00000000028b0000,0x00000000029b0000)]

Other Threads:
  0x0000000017626000 VMThread [stack: 0x00000000186b0000,0x00000000187b0000] [id=11012]
  0x0000000018fda800 WatcherThread [stack: 0x00000000194b0000,0x00000000195b0000] [id=656]

VM state:not at safepoint (normal execution)

VM Mutex/Monitor currently owned by a thread: None

Heap:
 PSYoungGen      total 38400K, used 12011K [0x00000000d5d00000, 0x00000000d8780000, 0x0000000100000000)
  eden space 33280K, 36% used [0x00000000d5d00000,0x00000000d68baec0,0x00000000d7d80000)
  from space 5120K, 0% used [0x00000000d8280000,0x00000000d8280000,0x00000000d8780000)
  to   space 5120K, 0% used [0x00000000d7d80000,0x00000000d7d80000,0x00000000d8280000)
 ParOldGen       total 87552K, used 0K [0x0000000081600000, 0x0000000086b80000, 0x00000000d5d00000)
  object space 87552K, 0% used [0x0000000081600000,0x0000000081600000,0x0000000086b80000)
 Metaspace       used 7971K, capacity 8196K, committed 8320K, reserved 1056768K
  class space    used 983K, capacity 1056K, committed 1152K, reserved 1048576K

Card table byte_map: [0x0000000011ec0000,0x00000000122c0000] byte_map_base: 0x0000000011ab5000

Marking Bits: (ParMarkBitMap*) 0x000000005338be50
 Begin Bits: [0x0000000012970000, 0x0000000014918000)
 End Bits:   [0x0000000014918000, 0x00000000168c0000)

Polling page: 0x00000000007e0000

CodeCache: size=245760Kb used=2297Kb max_used=2297Kb free=243462Kb
 bounds [0x0000000002b00000, 0x0000000002d70000, 0x0000000011b00000]
 total_blobs=906 nmethods=583 adapters=237
 compilation: enabled

Compilation events (10 events):
Event: 0.731 Thread 0x0000000017665000  580       3       com.sun.xml.internal.bind.v2.model.nav.ReflectionNavigator::isBridgeMethod (5 bytes)
Event: 0.731 Thread 0x0000000017665000 nmethod 580 0x0000000002d3c790 code [0x0000000002d3c900, 0x0000000002d3cc30]
Event: 0.731 Thread 0x0000000017665000  581       3       java.lang.reflect.Method::isBridge (16 bytes)
Event: 0.731 Thread 0x0000000017665000 nmethod 581 0x0000000002d3cd10 code [0x0000000002d3ce60, 0x0000000002d3d0b0]
Event: 0.731 Thread 0x0000000017665000  582       3       sun.misc.SharedSecrets::getJavaLangAccess (4 bytes)
Event: 0.732 Thread 0x0000000017665000 nmethod 582 0x0000000002d3d110 code [0x0000000002d3d260, 0x0000000002d3d390]
Event: 0.732 Thread 0x0000000017665000  583       3       sun.misc.ProxyGenerator::getParameterDescriptors (47 bytes)
Event: 0.733 Thread 0x0000000017665000 nmethod 583 0x0000000002d3d410 code [0x0000000002d3d660, 0x0000000002d3e438]
Event: 0.733 Thread 0x0000000017665000  585       1       java.lang.System::getSecurityManager (4 bytes)
Event: 0.734 Thread 0x0000000017665000 nmethod 585 0x0000000002d37250 code [0x0000000002d373a0, 0x0000000002d37490]

GC Heap History (0 events):
No events

Deoptimization events (4 events):
Event: 0.621 Thread 0x0000000002a03800 Uncommon trap: reason=unstable_if action=reinterpret pc=0x0000000002cc88dc method=java.lang.String.indexOf([CII[CIII)I @ 3
Event: 0.690 Thread 0x0000000002a03800 Uncommon trap: reason=unstable_if action=reinterpret pc=0x0000000002d1f5d8 method=java.util.HashMap.getNode(ILjava/lang/Object;)Ljava/util/HashMap$Node; @ 129
Event: 0.697 Thread 0x0000000002a03800 Uncommon trap: reason=unstable_if action=reinterpret pc=0x0000000002d1dd74 method=java.util.HashMap.getNode(ILjava/lang/Object;)Ljava/util/HashMap$Node; @ 129
Event: 0.708 Thread 0x0000000002a03800 Uncommon trap: reason=range_check action=make_not_entrant pc=0x0000000002d2efa0 method=sun.reflect.generics.parser.SignatureParser.current()C @ 34

Classes redefined (0 events):
No events

Internal exceptions (10 events):
Event: 0.603 Thread 0x0000000002a03800 Exception <a 'java/security/PrivilegedActionException'> (0x00000000d665e6e8) thrown at [C:\Users\jenkins\workspace\openjdk8_build_x86-64_windows\openjdk\hotspot\src\share\vm\prims\jvm.cpp, line 1435]
Event: 0.603 Thread 0x0000000002a03800 Exception <a 'java/security/PrivilegedActionException'> (0x00000000d6664718) thrown at [C:\Users\jenkins\workspace\openjdk8_build_x86-64_windows\openjdk\hotspot\src\share\vm\prims\jvm.cpp, line 1435]
Event: 0.603 Thread 0x0000000002a03800 Exception <a 'java/security/PrivilegedActionException'> (0x00000000d6664b10) thrown at [C:\Users\jenkins\workspace\openjdk8_build_x86-64_windows\openjdk\hotspot\src\share\vm\prims\jvm.cpp, line 1435]
Event: 0.604 Thread 0x0000000002a03800 Exception <a 'java/security/PrivilegedActionException'> (0x00000000d6666e60) thrown at [C:\Users\jenkins\workspace\openjdk8_build_x86-64_windows\openjdk\hotspot\src\share\vm\prims\jvm.cpp, line 1435]
Event: 0.604 Thread 0x0000000002a03800 Exception <a 'java/security/PrivilegedActionException'> (0x00000000d6667258) thrown at [C:\Users\jenkins\workspace\openjdk8_build_x86-64_windows\openjdk\hotspot\src\share\vm\prims\jvm.cpp, line 1435]
Event: 0.622 Thread 0x0000000002a03800 Exception <a 'java/lang/ClassNotFoundException': com/sun/org/glassfish/hk2/osgiresourcelocator/ServiceLoader> (0x00000000d6692428) thrown at [C:\Users\jenkins\workspace\openjdk8_build_x86-64_windows\openjdk\hotspot\src\share\vm\classfile\systemDictionary.
Event: 0.634 Thread 0x0000000002a03800 Exception <a 'java/lang/NullPointerException'> (0x00000000d66a9268) thrown at [C:\Users\jenkins\workspace\openjdk8_build_x86-64_windows\openjdk\hotspot\src\share\vm\interpreter\linkResolver.cpp, line 1287]
Event: 0.705 Thread 0x0000000002a03800 Exception <a 'java/lang/ArrayIndexOutOfBoundsException'> (0x00000000d67600d8) thrown at [C:\Users\jenkins\workspace\openjdk8_build_x86-64_windows\openjdk\hotspot\src\share\vm\runtime\sharedRuntime.cpp, line 605]
Event: 0.706 Thread 0x0000000002a03800 Exception <a 'java/lang/ArrayIndexOutOfBoundsException'> (0x00000000d6761690) thrown at [C:\Users\jenkins\workspace\openjdk8_build_x86-64_windows\openjdk\hotspot\src\share\vm\runtime\sharedRuntime.cpp, line 605]
Event: 0.708 Thread 0x0000000002a03800 Exception <a 'java/lang/ArrayIndexOutOfBoundsException': 76> (0x00000000d6763370) thrown at [C:\Users\jenkins\workspace\openjdk8_build_x86-64_windows\openjdk\hotspot\src\share\vm\interpreter\interpreterRuntime.cpp, line 366]

Events (10 events):
Event: 0.726 loading class com/sun/xml/internal/bind/v2/model/impl/TypeRefImpl done
Event: 0.726 loading class com/sun/xml/internal/bind/v2/model/impl/RuntimeTypeRefImpl done
Event: 0.726 loading class javax/xml/bind/annotation/XmlAccessOrder
Event: 0.726 loading class javax/xml/bind/annotation/XmlAccessOrder done
Event: 0.728 loading class javax/xml/bind/annotation/XmlSchemaType$DEFAULT
Event: 0.728 loading class javax/xml/bind/annotation/XmlSchemaType$DEFAULT done
Event: 0.734 loading class com/sun/xml/internal/bind/v2/model/impl/RuntimeValuePropertyInfoImpl
Event: 0.734 loading class com/sun/xml/internal/bind/v2/model/runtime/RuntimeValuePropertyInfo
Event: 0.734 loading class com/sun/xml/internal/bind/v2/model/core/ValuePropertyInfo
Event: 0.734 loading class com/sun/xml/internal/bind/v2/model/core/ValuePropertyInfo done


Dynamic libraries:
0x00007ff7d5fd0000 - 0x00007ff7d6005000 	C:\Program Files\Unity\Hub\Editor\2018.4.4f1\Editor\Data\PlaybackEngines\AndroidPlayer\Tools\OpenJDK\Windows\bin\java.exe
0x00007ffb04bc0000 - 0x00007ffb04db0000 	C:\WINDOWS\SYSTEM32\ntdll.dll
0x00007ffb04040000 - 0x00007ffb040f2000 	C:\WINDOWS\System32\KERNEL32.DLL
0x00007ffb020e0000 - 0x00007ffb02383000 	C:\WINDOWS\System32\KERNELBASE.dll
0x00007ffb04ad0000 - 0x00007ffb04b73000 	C:\WINDOWS\System32\ADVAPI32.dll
0x00007ffb04100000 - 0x00007ffb0419e000 	C:\WINDOWS\System32\msvcrt.dll
0x00007ffb03590000 - 0x00007ffb03627000 	C:\WINDOWS\System32\sechost.dll
0x00007ffb02f10000 - 0x00007ffb03030000 	C:\WINDOWS\System32\RPCRT4.dll
0x00007ffb03030000 - 0x00007ffb031c4000 	C:\WINDOWS\System32\USER32.dll
0x00007ffb02c40000 - 0x00007ffb02c61000 	C:\WINDOWS\System32\win32u.dll
0x00007ffb03d20000 - 0x00007ffb03d46000 	C:\WINDOWS\System32\GDI32.dll
0x00007ffb01d00000 - 0x00007ffb01e94000 	C:\WINDOWS\System32\gdi32full.dll
0x00007ffb01c60000 - 0x00007ffb01cfe000 	C:\WINDOWS\System32\msvcp_win.dll
0x00007ffb02b10000 - 0x00007ffb02c0a000 	C:\WINDOWS\System32\ucrtbase.dll
0x00007ffaf17c0000 - 0x00007ffaf1a45000 	C:\WINDOWS\WinSxS\amd64_microsoft.windows.common-controls_6595b64144ccf1df_6.0.18362.778_none_e6c6b761130d4fb8\COMCTL32.dll
0x00007ffb031d0000 - 0x00007ffb03506000 	C:\WINDOWS\System32\combase.dll
0x00007ffb01f10000 - 0x00007ffb01f90000 	C:\WINDOWS\System32\bcryptPrimitives.dll
0x00007ffb03d50000 - 0x00007ffb03d7e000 	C:\WINDOWS\System32\IMM32.DLL
0x0000000053410000 - 0x00000000534e2000 	C:\Program Files\Unity\Hub\Editor\2018.4.4f1\Editor\Data\PlaybackEngines\AndroidPlayer\Tools\OpenJDK\Windows\jre\bin\msvcr100.dll
0x0000000052bc0000 - 0x0000000053409000 	C:\Program Files\Unity\Hub\Editor\2018.4.4f1\Editor\Data\PlaybackEngines\AndroidPlayer\Tools\OpenJDK\Windows\jre\bin\server\jvm.dll
0x00007ffb03d80000 - 0x00007ffb03d88000 	C:\WINDOWS\System32\PSAPI.DLL
0x00007ffae81e0000 - 0x00007ffae81e9000 	C:\WINDOWS\SYSTEM32\WSOCK32.dll
0x00007ffb02e40000 - 0x00007ffb02eaf000 	C:\WINDOWS\System32\WS2_32.dll
0x00007ffaff5a0000 - 0x00007ffaff5c4000 	C:\WINDOWS\SYSTEM32\WINMM.dll
0x00007ffb00c00000 - 0x00007ffb00c0a000 	C:\WINDOWS\SYSTEM32\VERSION.dll
0x00007ffaff570000 - 0x00007ffaff59d000 	C:\WINDOWS\SYSTEM32\WINMMBASE.dll
0x00007ffb01ea0000 - 0x00007ffb01eea000 	C:\WINDOWS\System32\cfgmgr32.dll
0x00007ffafdc10000 - 0x00007ffafdc1f000 	C:\Program Files\Unity\Hub\Editor\2018.4.4f1\Editor\Data\PlaybackEngines\AndroidPlayer\Tools\OpenJDK\Windows\jre\bin\verify.dll
0x00007ffafa8f0000 - 0x00007ffafa919000 	C:\Program Files\Unity\Hub\Editor\2018.4.4f1\Editor\Data\PlaybackEngines\AndroidPlayer\Tools\OpenJDK\Windows\jre\bin\java.dll
0x00007ffafb9a0000 - 0x00007ffafb9b6000 	C:\Program Files\Unity\Hub\Editor\2018.4.4f1\Editor\Data\PlaybackEngines\AndroidPlayer\Tools\OpenJDK\Windows\jre\bin\zip.dll
0x00007ffb03630000 - 0x00007ffb03d15000 	C:\WINDOWS\System32\SHELL32.dll
0x00007ffb02c70000 - 0x00007ffb02d19000 	C:\WINDOWS\System32\shcore.dll
0x00007ffb02390000 - 0x00007ffb02b10000 	C:\WINDOWS\System32\windows.storage.dll
0x00007ffb01b00000 - 0x00007ffb01b23000 	C:\WINDOWS\System32\profapi.dll
0x00007ffb01ab0000 - 0x00007ffb01afa000 	C:\WINDOWS\System32\powrprof.dll
0x00007ffb01a80000 - 0x00007ffb01a90000 	C:\WINDOWS\System32\UMPDC.dll
0x00007ffb04490000 - 0x00007ffb044e2000 	C:\WINDOWS\System32\shlwapi.dll
0x00007ffb01a90000 - 0x00007ffb01aa1000 	C:\WINDOWS\System32\kernel.appcore.dll
0x00007ffb01ef0000 - 0x00007ffb01f07000 	C:\WINDOWS\System32\cryptsp.dll
0x00007ffafb8f0000 - 0x00007ffafb90a000 	C:\Program Files\Unity\Hub\Editor\2018.4.4f1\Editor\Data\PlaybackEngines\AndroidPlayer\Tools\OpenJDK\Windows\jre\bin\net.dll
0x00007ffb01290000 - 0x00007ffb012f7000 	C:\WINDOWS\system32\mswsock.dll
0x00007ffafb7f0000 - 0x00007ffafb801000 	C:\Program Files\Unity\Hub\Editor\2018.4.4f1\Editor\Data\PlaybackEngines\AndroidPlayer\Tools\OpenJDK\Windows\jre\bin\nio.dll

VM Arguments:
jvm_args: -Dcom.android.sdkmanager.toolsdir=C:\Users\AClea\AppData\Local\Android\Sdk\tools\bin\\.. 
java_command: com.android.sdklib.tool.AvdManagerCli list target -c
java_class_path (initial): C:\Users\AClea\AppData\Local\Android\Sdk\tools\bin\..\lib\dvlib-26.0.0-dev.jar;C:\Users\AClea\AppData\Local\Android\Sdk\tools\bin\..\lib\jimfs-1.1.jar;C:\Users\AClea\AppData\Local\Android\Sdk\tools\bin\..\lib\jsr305-1.3.9.jar;C:\Users\AClea\AppData\Local\Android\Sdk\tools\bin\..\lib\repository-26.0.0-dev.jar;C:\Users\AClea\AppData\Local\Android\Sdk\tools\bin\..\lib\j2objc-annotations-1.1.jar;C:\Users\AClea\AppData\Local\Android\Sdk\tools\bin\..\lib\layoutlib-api-26.0.0-dev.jar;C:\Users\AClea\AppData\Local\Android\Sdk\tools\bin\..\lib\gson-2.3.jar;C:\Users\AClea\AppData\Local\Android\Sdk\tools\bin\..\lib\httpcore-4.2.5.jar;C:\Users\AClea\AppData\Local\Android\Sdk\tools\bin\..\lib\commons-logging-1.1.1.jar;C:\Users\AClea\AppData\Local\Android\Sdk\tools\bin\..\lib\commons-compress-1.12.jar;C:\Users\AClea\AppData\Local\Android\Sdk\tools\bin\..\lib\annotations-26.0.0-dev.jar;C:\Users\AClea\AppData\Local\Android\Sdk\tools\bin\..\lib\error_prone_annotations-2.0.18.jar;C:\Users\AClea\AppData\Local\Android\Sdk\tools\bin\..\lib\animal-sniffer-annotations-1.14.jar;C:\Users\AClea\AppData\Local\Android\Sdk\tools\bin\..\lib\httpclient-4.2.6.jar;C:\Users\AClea\AppData\Local\Android\Sdk\tools\bin\..\lib\commons-codec-1.6.jar;C:\Users\AClea\AppData\Local\Android\Sdk\tools\bin\..\lib\common-26.0.0-dev.jar;C:\Users\AClea\AppData\Local\Android\Sdk\tools\bin\..\lib\kxml2-2.3.0.jar;C:\Users\AClea\AppData\Local\Android\Sdk\tools\bin\..\lib\httpmime-4.1.jar;C:\Users\AClea\AppData\Local\Android\Sdk\tools\bin\..\lib\annotations-12.0.jar;C:\Users\AClea\AppData\Local\Android\Sdk\tools\bin\..\lib\sdklib-26.0.0-dev.jar;C:\Users\AClea\AppData\Local\Android\Sdk\tools\bin\..\lib\guava-22.0.jar
Launcher Type: SUN_STANDARD

Environment Variables:
JAVA_HOME=C:\Program Files\Unity\Hub\Editor\2018.4.4f1\Editor\Data\PlaybackEngines\AndroidPlayer/Tools\OpenJDK\Windows
CLASSPATH=C:\Users\AClea\AppData\Local\Android\Sdk\tools\bin\..\lib\dvlib-26.0.0-dev.jar;C:\Users\AClea\AppData\Local\Android\Sdk\tools\bin\..\lib\jimfs-1.1.jar;C:\Users\AClea\AppData\Local\Android\Sdk\tools\bin\..\lib\jsr305-1.3.9.jar;C:\Users\AClea\AppData\Local\Android\Sdk\tools\bin\..\lib\repository-26.0.0-dev.jar;C:\Users\AClea\AppData\Local\Android\Sdk\tools\bin\..\lib\j2objc-annotations-1.1.jar;C:\Users\AClea\AppData\Local\Android\Sdk\tools\bin\..\lib\layoutlib-api-26.0.0-dev.jar;C:\Users\AClea\AppData\Local\Android\Sdk\tools\bin\..\lib\gson-2.3.jar;C:\Users\AClea\AppData\Local\Android\Sdk\tools\bin\..\lib\httpcore-4.2.5.jar;C:\Users\AClea\AppData\Local\Android\Sdk\tools\bin\..\lib\commons-logging-1.1.1.jar;C:\Users\AClea\AppData\Local\Android\Sdk\tools\bin\..\lib\commons-compress-1.12.jar;C:\Users\AClea\AppData\Local\Android\Sdk\tools\bin\..\lib\annotations-26.0.0-dev.jar;C:\Users\AClea\AppData\Local\Android\Sdk\tools\bin\..\lib\error_prone_annotations-2.0.18.jar;C:\Users\AClea\AppData\Local\Android\Sdk\tools\bin\..\lib\animal-sniffer-annotations-1.14.jar;C:\Users\AClea\AppData\Local\Android\Sdk\tools\bin\..\lib\httpclient-4.2.6.jar;C:\Users\AClea\AppData\Local\Android\Sdk\tools\bin\..\lib\commons-codec-1.6.jar;C:\Users\AClea\AppData\Local\Android\Sdk\tools\bin\..\lib\common-26.0.0-dev.jar;C:\Users\AClea\AppData\Local\Android\Sdk\tools\bin\..\lib\kxml2-2.3.0.jar;C:\Users\AClea\AppData\Local\Android\Sdk\tools\bin\..\lib\httpmime-4.1.jar;C:\Users\AClea\AppData\Local\Android\Sdk\tools\bin\..\lib\annotations-12.0.jar;C:\Users\AClea\AppData\Local\Android\Sdk\tools\bin\..\lib\sdklib-26.0.0-dev.jar;C:\Users\AClea\AppData\Local\Android\Sdk\tools\bin\..\lib\guava-22.0.jar
PATH=C:\Program Files (x86)\Common Files\Oracle\Java\javapath;C:\Program Files (x86)\Intel\iCLS Client\;C:\Program Files\Intel\iCLS Client\;C:\WINDOWS\system32;C:\WINDOWS;C:\WINDOWS\System32\Wbem;C:\WINDOWS\System32\WindowsPowerShell\v1.0\;C:\Program Files (x86)\Windows Live\Shared;C:\Program Files (x86)\IVI Foundation\VISA\WinNT\Bin\;C:\Program Files\IVI Foundation\VISA\Win64\Bin\;C:\Program Files (x86)\IVI Foundation\VISA\WinNT\Bin;C:\Program Files (x86)\QuickTime\QTSystem\;C:\Program Files (x86)\Intel\Intel(R) Management Engine Components\DAL;C:\Program Files\Intel\Intel(R) Management Engine Components\DAL;C:\Program Files (x86)\Intel\Intel(R) Management Engine Components\IPT;C:\Program Files\Intel\Intel(R) Management Engine Components\IPT;C:\WINDOWS\System32\OpenSSH\;C:\Program Files\MATLAB\R2018b\bin;C:\Program Files\Intel\WiFi\bin\;C:\Program Files\Common Files\Intel\WirelessCommon\;C:\Users\AClea\AppData\Local\Programs\Python\Python38\Scripts\;C:\Users\AClea\AppData\Local\Programs\Python\Python38\;C:\Users\AClea\AppData\Local\Programs\Python\Launcher\;C:\Users\AClea\AppData\Local\Microsoft\WindowsApps;C:\Users\AClea\AppData\Local\Microsoft\WindowsApps;C:\Users\AClea\AppData\Local\GitHubDesktop\bin
USERNAME=AClea
OS=Windows_NT
PROCESSOR_IDENTIFIER=Intel64 Family 6 Model 78 Stepping 3, GenuineIntel



---------------  S Y S T E M  ---------------

OS: Windows 10.0 , 64 bit Build 18362 (10.0.18362.778)

CPU:total 4 (initial active 4) (2 cores per cpu, 2 threads per core) family 6 model 78 stepping 3, cmov, cx8, fxsr, mmx, sse, sse2, sse3, ssse3, sse4.1, sse4.2, popcnt, avx, avx2, aes, clmul, erms, 3dnowpref, lzcnt, ht, tsc, tscinvbit, bmi1, bmi2, adx

Memory: 4k page, physical 8297604k(727100k free), swap 8297604k(4112k free)

vm_info: OpenJDK 64-Bit Server VM (25.71-b00) for windows-amd64 JRE (1.8.0-adoptopenjdk-_2018_05_19_00_59-b00), built on May 19 2018 01:02:12 by "jenkins" with MS VC++ 10.0 (VS2010)

time: Tue May 05 21:41:41 2020
elapsed time: 0 seconds (0d 0h 0m 0s)

