#
# There is insufficient memory for the Java Runtime Environment to continue.
# Native memory allocation (malloc) failed to allocate 1048576 bytes for AllocateHeap
# Possible reasons:
#   The system is out of physical RAM or swap space
#   In 32 bit mode, the process size limit was hit
# Possible solutions:
#   Reduce memory load on the system
#   Increase physical memory or swap space
#   Check if swap backing store is full
#   Use 64 bit Java on a 64 bit OS
#   Decrease Java heap size (-Xmx/-Xms)
#   Decrease number of Java threads
#   Decrease Java thread stack sizes (-Xss)
#   Set larger code cache with -XX:ReservedCodeCacheSize=
# This output file may be truncated or incomplete.
#
#  Out of Memory Error (memory/allocation.inline.hpp:61), pid=68, tid=0x0000000000002b88
#
# JRE version:  (8.0) (build )
# Java VM: OpenJDK 64-Bit Server VM (25.71-b00 mixed mode windows-amd64 compressed oops)
# Failed to write core dump. Minidumps are not enabled by default on client versions of Windows
#

---------------  T H R E A D  ---------------

Current thread (0x0000000002cf3800):  JavaThread "Unknown thread" [_thread_in_vm, id=11144, stack(0x0000000002bf0000,0x0000000002cf0000)]

Stack: [0x0000000002bf0000,0x0000000002cf0000]
[error occurred during error reporting (printing stack bounds), id 0xc0000005]

Native frames: (J=compiled Java code, j=interpreted, Vv=VM code, C=native code)


---------------  P R O C E S S  ---------------

Java Threads: ( => current thread )

Other Threads:

=>0x0000000002cf3800 (exited) JavaThread "Unknown thread" [_thread_in_vm, id=11144, stack(0x0000000002bf0000,0x0000000002cf0000)]

VM state:not at safepoint (normal execution)

VM Mutex/Monitor currently owned by a thread: None

Heap:
 PSYoungGen      total 38400K, used 665K [0x00000000d5d00000, 0x00000000d8780000, 0x0000000100000000)
  eden space 33280K, 2% used [0x00000000d5d00000,0x00000000d5da6670,0x00000000d7d80000)
  from space 5120K, 0% used [0x00000000d8280000,0x00000000d8280000,0x00000000d8780000)
  to   space 5120K, 0% used [0x00000000d7d80000,0x00000000d7d80000,0x00000000d8280000)
 ParOldGen       total 87552K, used 0K [0x0000000081600000, 0x0000000086b80000, 0x00000000d5d00000)
  object space 87552K, 0% used [0x0000000081600000,0x0000000081600000,0x0000000086b80000)
 Metaspace       used 777K, capacity 4480K, committed 4480K, reserved 1056768K
  class space    used 74K, capacity 384K, committed 384K, reserved 1048576K

Card table byte_map: [0x00000000121b0000,0x00000000125b0000] byte_map_base: 0x0000000011da5000

Marking Bits: (ParMarkBitMap*) 0x00000000756dbe50
 Begin Bits: [0x0000000012c60000, 0x0000000014c08000)
 End Bits:   [0x0000000014c08000, 0x0000000016bb0000)

Polling page: 0x0000000000e40000

CodeCache: size=245760Kb used=328Kb max_used=328Kb free=245431Kb
 bounds [0x0000000002df0000, 0x0000000003060000, 0x0000000011df0000]
 total_blobs=57 nmethods=0 adapters=38
 compilation: enabled

Compilation events (0 events):
No events

GC Heap History (0 events):
No events

Deoptimization events (0 events):
No events

Classes redefined (0 events):
No events

Internal exceptions (0 events):
No events

Events (10 events):
Event: 0.035 loading class java/lang/Short
Event: 0.035 loading class java/lang/Short done
Event: 0.035 loading class java/lang/Integer
Event: 0.035 loading class java/lang/Integer done
Event: 0.035 loading class java/lang/Long
Event: 0.036 loading class java/lang/Long done
Event: 0.037 loading class java/lang/NullPointerException
Event: 0.037 loading class java/lang/NullPointerException done
Event: 0.037 loading class java/lang/ArithmeticException
Event: 0.037 loading class java/lang/ArithmeticException done


Dynamic libraries:
0x00007ff744eb0000 - 0x00007ff744ee5000 	C:\Program Files\Unity\Hub\Editor\2018.4.4f1\Editor\Data\PlaybackEngines\AndroidPlayer\Tools\OpenJDK\Windows\bin\java.exe
0x00007ffe7cfe0000 - 0x00007ffe7d1d0000 	C:\WINDOWS\SYSTEM32\ntdll.dll
0x00007ffe7c9e0000 - 0x00007ffe7ca92000 	C:\WINDOWS\System32\KERNEL32.DLL
0x00007ffe7a9f0000 - 0x00007ffe7ac93000 	C:\WINDOWS\System32\KERNELBASE.dll
0x00007ffe7cc50000 - 0x00007ffe7ccf3000 	C:\WINDOWS\System32\ADVAPI32.dll
0x00007ffe7b460000 - 0x00007ffe7b4fe000 	C:\WINDOWS\System32\msvcrt.dll
0x00007ffe7b940000 - 0x00007ffe7b9d7000 	C:\WINDOWS\System32\sechost.dll
0x00007ffe7b5c0000 - 0x00007ffe7b6e0000 	C:\WINDOWS\System32\RPCRT4.dll
0x00007ffe7ce00000 - 0x00007ffe7cf94000 	C:\WINDOWS\System32\USER32.dll
0x00007ffe7a9c0000 - 0x00007ffe7a9e1000 	C:\WINDOWS\System32\win32u.dll
0x00007ffe7cd00000 - 0x00007ffe7cd26000 	C:\WINDOWS\System32\GDI32.dll
0x00007ffe7ad70000 - 0x00007ffe7af04000 	C:\WINDOWS\System32\gdi32full.dll
0x00007ffe7aca0000 - 0x00007ffe7ad3e000 	C:\WINDOWS\System32\msvcp_win.dll
0x00007ffe79f70000 - 0x00007ffe7a06a000 	C:\WINDOWS\System32\ucrtbase.dll
0x00007ffe627a0000 - 0x00007ffe62a25000 	C:\WINDOWS\WinSxS\amd64_microsoft.windows.common-controls_6595b64144ccf1df_6.0.18362.720_none_e6beb5c51314836b\COMCTL32.dll
0x00007ffe7bf50000 - 0x00007ffe7c286000 	C:\WINDOWS\System32\combase.dll
0x00007ffe7a7f0000 - 0x00007ffe7a870000 	C:\WINDOWS\System32\bcryptPrimitives.dll
0x00007ffe7b910000 - 0x00007ffe7b93e000 	C:\WINDOWS\System32\IMM32.DLL
0x0000000075760000 - 0x0000000075832000 	C:\Program Files\Unity\Hub\Editor\2018.4.4f1\Editor\Data\PlaybackEngines\AndroidPlayer\Tools\OpenJDK\Windows\jre\bin\msvcr100.dll
0x0000000074f10000 - 0x0000000075759000 	C:\Program Files\Unity\Hub\Editor\2018.4.4f1\Editor\Data\PlaybackEngines\AndroidPlayer\Tools\OpenJDK\Windows\jre\bin\server\jvm.dll
0x00007ffe7b500000 - 0x00007ffe7b508000 	C:\WINDOWS\System32\PSAPI.DLL
0x00007ffe60030000 - 0x00007ffe60039000 	C:\WINDOWS\SYSTEM32\WSOCK32.dll
0x00007ffe77910000 - 0x00007ffe77934000 	C:\WINDOWS\SYSTEM32\WINMM.dll
0x00007ffe790b0000 - 0x00007ffe790ba000 	C:\WINDOWS\SYSTEM32\VERSION.dll
0x00007ffe77440000 - 0x00007ffe7746d000 	C:\WINDOWS\SYSTEM32\winmmbase.dll
0x00007ffe7be60000 - 0x00007ffe7becf000 	C:\WINDOWS\System32\WS2_32.dll
0x00007ffe7af70000 - 0x00007ffe7afba000 	C:\WINDOWS\System32\cfgmgr32.dll
0x00007ffe77b10000 - 0x00007ffe77b1f000 	C:\Program Files\Unity\Hub\Editor\2018.4.4f1\Editor\Data\PlaybackEngines\AndroidPlayer\Tools\OpenJDK\Windows\jre\bin\verify.dll
0x00007ffe77ae0000 - 0x00007ffe77b09000 	C:\Program Files\Unity\Hub\Editor\2018.4.4f1\Editor\Data\PlaybackEngines\AndroidPlayer\Tools\OpenJDK\Windows\jre\bin\java.dll
0x00007ffe73a20000 - 0x00007ffe73a36000 	C:\Program Files\Unity\Hub\Editor\2018.4.4f1\Editor\Data\PlaybackEngines\AndroidPlayer\Tools\OpenJDK\Windows\jre\bin\zip.dll

VM Arguments:
jvm_args: -Dcom.android.sdkmanager.toolsdir=C:\Users\AClea\AppData\Local\Android\Sdk\tools\bin\\.. 
java_command: com.android.sdklib.tool.AvdManagerCli list target -c
java_class_path (initial): C:\Users\AClea\AppData\Local\Android\Sdk\tools\bin\..\lib\dvlib-26.0.0-dev.jar;C:\Users\AClea\AppData\Local\Android\Sdk\tools\bin\..\lib\jimfs-1.1.jar;C:\Users\AClea\AppData\Local\Android\Sdk\tools\bin\..\lib\jsr305-1.3.9.jar;C:\Users\AClea\AppData\Local\Android\Sdk\tools\bin\..\lib\repository-26.0.0-dev.jar;C:\Users\AClea\AppData\Local\Android\Sdk\tools\bin\..\lib\j2objc-annotations-1.1.jar;C:\Users\AClea\AppData\Local\Android\Sdk\tools\bin\..\lib\layoutlib-api-26.0.0-dev.jar;C:\Users\AClea\AppData\Local\Android\Sdk\tools\bin\..\lib\gson-2.3.jar;C:\Users\AClea\AppData\Local\Android\Sdk\tools\bin\..\lib\httpcore-4.2.5.jar;C:\Users\AClea\AppData\Local\Android\Sdk\tools\bin\..\lib\commons-logging-1.1.1.jar;C:\Users\AClea\AppData\Local\Android\Sdk\tools\bin\..\lib\commons-compress-1.12.jar;C:\Users\AClea\AppData\Local\Android\Sdk\tools\bin\..\lib\annotations-26.0.0-dev.jar;C:\Users\AClea\AppData\Local\Android\Sdk\tools\bin\..\lib\error_prone_annotations-2.0.18.jar;C:\Users\AClea\AppData\Local\Android\Sdk\tools\bin\..\lib\animal-sniffer-annotations-1.14.jar;C:\Users\AClea\AppData\Local\Android\Sdk\tools\bin\..\lib\httpclient-4.2.6.jar;C:\Users\AClea\AppData\Local\Android\Sdk\tools\bin\..\lib\commons-codec-1.6.jar;C:\Users\AClea\AppData\Local\Android\Sdk\tools\bin\..\lib\common-26.0.0-dev.jar;C:\Users\AClea\AppData\Local\Android\Sdk\tools\bin\..\lib\kxml2-2.3.0.jar;C:\Users\AClea\AppData\Local\Android\Sdk\tools\bin\..\lib\httpmime-4.1.jar;C:\Users\AClea\AppData\Local\Android\Sdk\tools\bin\..\lib\annotations-12.0.jar;C:\Users\AClea\AppData\Local\Android\Sdk\tools\bin\..\lib\sdklib-26.0.0-dev.jar;C:\Users\AClea\AppData\Local\Android\Sdk\tools\bin\..\lib\guava-22.0.jar
Launcher Type: SUN_STANDARD

Environment Variables:
JAVA_HOME=C:\Program Files\Unity\Hub\Editor\2018.4.4f1\Editor\Data\PlaybackEngines\AndroidPlayer/Tools\OpenJDK\Windows
CLASSPATH=C:\Users\AClea\AppData\Local\Android\Sdk\tools\bin\..\lib\dvlib-26.0.0-dev.jar;C:\Users\AClea\AppData\Local\Android\Sdk\tools\bin\..\lib\jimfs-1.1.jar;C:\Users\AClea\AppData\Local\Android\Sdk\tools\bin\..\lib\jsr305-1.3.9.jar;C:\Users\AClea\AppData\Local\Android\Sdk\tools\bin\..\lib\repository-26.0.0-dev.jar;C:\Users\AClea\AppData\Local\Android\Sdk\tools\bin\..\lib\j2objc-annotations-1.1.jar;C:\Users\AClea\AppData\Local\Android\Sdk\tools\bin\..\lib\layoutlib-api-26.0.0-dev.jar;C:\Users\AClea\AppData\Local\Android\Sdk\tools\bin\..\lib\gson-2.3.jar;C:\Users\AClea\AppData\Local\Android\Sdk\tools\bin\..\lib\httpcore-4.2.5.jar;C:\Users\AClea\AppData\Local\Android\Sdk\tools\bin\..\lib\commons-logging-1.1.1.jar;C:\Users\AClea\AppData\Local\Android\Sdk\tools\bin\..\lib\commons-compress-1.12.jar;C:\Users\AClea\AppData\Local\Android\Sdk\tools\bin\..\lib\annotations-26.0.0-dev.jar;C:\Users\AClea\AppData\Local\Android\Sdk\tools\bin\..\lib\error_prone_annotations-2.0.18.jar;C:\Users\AClea\AppData\Local\Android\Sdk\tools\bin\..\lib\animal-sniffer-annotations-1.14.jar;C:\Users\AClea\AppData\Local\Android\Sdk\tools\bin\..\lib\httpclient-4.2.6.jar;C:\Users\AClea\AppData\Local\Android\Sdk\tools\bin\..\lib\commons-codec-1.6.jar;C:\Users\AClea\AppData\Local\Android\Sdk\tools\bin\..\lib\common-26.0.0-dev.jar;C:\Users\AClea\AppData\Local\Android\Sdk\tools\bin\..\lib\kxml2-2.3.0.jar;C:\Users\AClea\AppData\Local\Android\Sdk\tools\bin\..\lib\httpmime-4.1.jar;C:\Users\AClea\AppData\Local\Android\Sdk\tools\bin\..\lib\annotations-12.0.jar;C:\Users\AClea\AppData\Local\Android\Sdk\tools\bin\..\lib\sdklib-26.0.0-dev.jar;C:\Users\AClea\AppData\Local\Android\Sdk\tools\bin\..\lib\guava-22.0.jar
PATH=C:\Program Files (x86)\Common Files\Oracle\Java\javapath;C:\Program Files (x86)\Intel\iCLS Client\;C:\Program Files\Intel\iCLS Client\;C:\WINDOWS\system32;C:\WINDOWS;C:\WINDOWS\System32\Wbem;C:\WINDOWS\System32\WindowsPowerShell\v1.0\;C:\Program Files (x86)\Windows Live\Shared;C:\Program Files (x86)\IVI Foundation\VISA\WinNT\Bin\;C:\Program Files\IVI Foundation\VISA\Win64\Bin\;C:\Program Files (x86)\IVI Foundation\VISA\WinNT\Bin;C:\Program Files (x86)\QuickTime\QTSystem\;C:\Program Files (x86)\Intel\Intel(R) Management Engine Components\DAL;C:\Program Files\Intel\Intel(R) Management Engine Components\DAL;C:\Program Files (x86)\Intel\Intel(R) Management Engine Components\IPT;C:\Program Files\Intel\Intel(R) Management Engine Components\IPT;C:\WINDOWS\System32\OpenSSH\;C:\Program Files\MATLAB\R2018b\bin;C:\Program Files\Intel\WiFi\bin\;C:\Program Files\Common Files\Intel\WirelessCommon\;C:\Users\AClea\AppData\Local\Programs\Python\Python38\Scripts\;C:\Users\AClea\AppData\Local\Programs\Python\Python38\;C:\Users\AClea\AppData\Local\Programs\Python\Launcher\;C:\Users\AClea\AppData\Local\Microsoft\WindowsApps;C:\Users\AClea\AppData\Local\Microsoft\WindowsApps;C:\Users\AClea\AppData\Local\GitHubDesktop\bin
USERNAME=AClea
OS=Windows_NT
PROCESSOR_IDENTIFIER=Intel64 Family 6 Model 78 Stepping 3, GenuineIntel



---------------  S Y S T E M  ---------------

OS: Windows 10.0 , 64 bit Build 18362 (10.0.18362.329)

CPU:total 4 (initial active 4) (2 cores per cpu, 2 threads per core) family 6 model 78 stepping 3, cmov, cx8, fxsr, mmx, sse, sse2, sse3, ssse3, sse4.1, sse4.2, popcnt, avx, avx2, aes, clmul, erms, 3dnowpref, lzcnt, ht, tsc, tscinvbit, bmi1, bmi2, adx

Memory: 4k page, physical 8297604k(1175236k free), swap 8297604k(5124k free)

vm_info: OpenJDK 64-Bit Server VM (25.71-b00) for windows-amd64 JRE (1.8.0-adoptopenjdk-_2018_05_19_00_59-b00), built on May 19 2018 01:02:12 by "jenkins" with MS VC++ 10.0 (VS2010)

time: Sun Mar 22 23:37:03 2020
elapsed time: 0 seconds (0d 0h 0m 0s)

